<?xml version="1.0" encoding="utf-8"?>
<CoverageSession xmlns:xsd="http://www.w3.org/2001/XMLSchema" xmlns:xsi="http://www.w3.org/2001/XMLSchema-instance" Version="0.0.0.0">
  <Summary numSequencePoints="2128" visitedSequencePoints="744" numBranchPoints="0" visitedBranchPoints="0" sequenceCoverage="34.96" branchCoverage="0.0" maxCyclomaticComplexity="0" minCyclomaticComplexity="0" maxCrapScore="0" minCrapScore="0" visitedClasses="31" numClasses="37" visitedMethods="129" numMethods="226" />
  <Modules>
    <Module>
      <Summary numSequencePoints="290" visitedSequencePoints="0" numBranchPoints="0" visitedBranchPoints="0" sequenceCoverage="0.0" branchCoverage="0.0" maxCyclomaticComplexity="0" minCyclomaticComplexity="0" maxCrapScore="0" minCrapScore="0" visitedClasses="0" numClasses="1" visitedMethods="0" numMethods="25" />
      <ModuleTime>0001-01-01T00:00:00</ModuleTime>
      <ModuleName>Assembly-CSharp</ModuleName>
      <Files>
        <File uid="1" fullPath="C:/Unity/Projets/PFE/ar-interactive-water-visualisation/Assets/Simple Side-Menu/Scripts/Runtime/SimpleSideMenu.cs" />
      </Files>
      <Classes>
        <Class>
          <Summary numSequencePoints="290" visitedSequencePoints="0" numBranchPoints="0" visitedBranchPoints="0" sequenceCoverage="0.0" branchCoverage="0.0" maxCyclomaticComplexity="0" minCyclomaticComplexity="0" maxCrapScore="0" minCrapScore="0" visitedClasses="0" numClasses="1" visitedMethods="0" numMethods="25" />
          <FullName>DanielLochner.Assets.SimpleSideMenu.SimpleSideMenu</FullName>
          <Methods>
            <Method visited="false" cyclomaticComplexity="0" nPathComplexity="0" sequenceCoverage="0.0" branchCoverage="0" crapScore="0" isConstructor="false" isStatic="false" isGetter="true" isSetter="false">
              <Summary numSequencePoints="1" visitedSequencePoints="0" numBranchPoints="0" visitedBranchPoints="0" sequenceCoverage="0.0" branchCoverage="0" maxCyclomaticComplexity="0" minCyclomaticComplexity="0" maxCrapScore="0" minCrapScore="0" visitedClasses="0" numClasses="0" visitedMethods="0" numMethods="1" />
              <MetadataToken>100663297</MetadataToken>
              <Name>DanielLochner.Assets.SimpleSideMenu.SimpleSideMenu/State DanielLochner.Assets.SimpleSideMenu.SimpleSideMenu::get_CurrentState()</Name>
              <FileRef uid="1" />
              <SequencePoints>
                <SequencePoint vc="0" uspid="1" ordinal="0" offset="0" sl="46" sc="0" el="46" ec="0" bec="0" bev="0" fileid="1" />
              </SequencePoints>
              <BranchPoints />
            </Method>
            <Method visited="false" cyclomaticComplexity="0" nPathComplexity="0" sequenceCoverage="0.0" branchCoverage="0" crapScore="0" isConstructor="false" isStatic="false" isGetter="false" isSetter="true">
              <Summary numSequencePoints="1" visitedSequencePoints="0" numBranchPoints="0" visitedBranchPoints="0" sequenceCoverage="0.0" branchCoverage="0" maxCyclomaticComplexity="0" minCyclomaticComplexity="0" maxCrapScore="0" minCrapScore="0" visitedClasses="0" numClasses="0" visitedMethods="0" numMethods="1" />
              <MetadataToken>100663298</MetadataToken>
              <Name>System.Void DanielLochner.Assets.SimpleSideMenu.SimpleSideMenu::set_CurrentState(DanielLochner.Assets.SimpleSideMenu.SimpleSideMenu/State)</Name>
              <FileRef uid="1" />
              <SequencePoints>
                <SequencePoint vc="0" uspid="2" ordinal="0" offset="0" sl="46" sc="0" el="46" ec="0" bec="0" bev="0" fileid="1" />
              </SequencePoints>
              <BranchPoints />
            </Method>
            <Method visited="false" cyclomaticComplexity="0" nPathComplexity="0" sequenceCoverage="0.0" branchCoverage="0" crapScore="0" isConstructor="false" isStatic="false" isGetter="true" isSetter="false">
              <Summary numSequencePoints="1" visitedSequencePoints="0" numBranchPoints="0" visitedBranchPoints="0" sequenceCoverage="0.0" branchCoverage="0" maxCyclomaticComplexity="0" minCyclomaticComplexity="0" maxCrapScore="0" minCrapScore="0" visitedClasses="0" numClasses="0" visitedMethods="0" numMethods="1" />
              <MetadataToken>100663299</MetadataToken>
              <Name>DanielLochner.Assets.SimpleSideMenu.SimpleSideMenu/State DanielLochner.Assets.SimpleSideMenu.SimpleSideMenu::get_TargetState()</Name>
              <FileRef uid="1" />
              <SequencePoints>
                <SequencePoint vc="0" uspid="3" ordinal="0" offset="0" sl="47" sc="0" el="47" ec="0" bec="0" bev="0" fileid="1" />
              </SequencePoints>
              <BranchPoints />
            </Method>
            <Method visited="false" cyclomaticComplexity="0" nPathComplexity="0" sequenceCoverage="0.0" branchCoverage="0" crapScore="0" isConstructor="false" isStatic="false" isGetter="false" isSetter="true">
              <Summary numSequencePoints="1" visitedSequencePoints="0" numBranchPoints="0" visitedBranchPoints="0" sequenceCoverage="0.0" branchCoverage="0" maxCyclomaticComplexity="0" minCyclomaticComplexity="0" maxCrapScore="0" minCrapScore="0" visitedClasses="0" numClasses="0" visitedMethods="0" numMethods="1" />
              <MetadataToken>100663300</MetadataToken>
              <Name>System.Void DanielLochner.Assets.SimpleSideMenu.SimpleSideMenu::set_TargetState(DanielLochner.Assets.SimpleSideMenu.SimpleSideMenu/State)</Name>
              <FileRef uid="1" />
              <SequencePoints>
                <SequencePoint vc="0" uspid="4" ordinal="0" offset="0" sl="47" sc="0" el="47" ec="0" bec="0" bev="0" fileid="1" />
              </SequencePoints>
              <BranchPoints />
            </Method>
            <Method visited="false" cyclomaticComplexity="0" nPathComplexity="0" sequenceCoverage="0.0" branchCoverage="0" crapScore="0" isConstructor="false" isStatic="false" isGetter="true" isSetter="false">
              <Summary numSequencePoints="3" visitedSequencePoints="0" numBranchPoints="0" visitedBranchPoints="0" sequenceCoverage="0.0" branchCoverage="0" maxCyclomaticComplexity="0" minCyclomaticComplexity="0" maxCrapScore="0" minCrapScore="0" visitedClasses="0" numClasses="0" visitedMethods="0" numMethods="1" />
              <MetadataToken>100663301</MetadataToken>
              <Name>System.Single DanielLochner.Assets.SimpleSideMenu.SimpleSideMenu::get_StateProgress()</Name>
              <FileRef uid="1" />
              <SequencePoints>
                <SequencePoint vc="0" uspid="5" ordinal="0" offset="0" sl="49" sc="0" el="49" ec="0" bec="0" bev="0" fileid="1" />
                <SequencePoint vc="0" uspid="6" ordinal="0" offset="1" sl="49" sc="0" el="49" ec="0" bec="0" bev="0" fileid="1" />
                <SequencePoint vc="0" uspid="7" ordinal="0" offset="92" sl="49" sc="0" el="49" ec="0" bec="0" bev="0" fileid="1" />
              </SequencePoints>
              <BranchPoints />
            </Method>
            <Method visited="false" cyclomaticComplexity="0" nPathComplexity="0" sequenceCoverage="0.0" branchCoverage="0" crapScore="0" isConstructor="false" isStatic="false" isGetter="false" isSetter="false">
              <Summary numSequencePoints="9" visitedSequencePoints="0" numBranchPoints="0" visitedBranchPoints="0" sequenceCoverage="0.0" branchCoverage="0" maxCyclomaticComplexity="0" minCyclomaticComplexity="0" maxCrapScore="0" minCrapScore="0" visitedClasses="0" numClasses="0" visitedMethods="0" numMethods="1" />
              <MetadataToken>100663302</MetadataToken>
              <Name>System.Void DanielLochner.Assets.SimpleSideMenu.SimpleSideMenu::Start()</Name>
              <FileRef uid="1" />
              <SequencePoints>
                <SequencePoint vc="0" uspid="8" ordinal="0" offset="0" sl="69" sc="0" el="69" ec="0" bec="0" bev="0" fileid="1" />
                <SequencePoint vc="0" uspid="9" ordinal="0" offset="1" sl="70" sc="0" el="70" ec="0" bec="0" bev="0" fileid="1" />
                <SequencePoint vc="0" uspid="10" ordinal="0" offset="8" sl="72" sc="0" el="72" ec="0" bec="0" bev="0" fileid="1" />
                <SequencePoint vc="0" uspid="11" ordinal="0" offset="18" sl="73" sc="0" el="73" ec="0" bec="0" bev="0" fileid="1" />
                <SequencePoint vc="0" uspid="12" ordinal="0" offset="19" sl="74" sc="0" el="74" ec="0" bec="0" bev="0" fileid="1" />
                <SequencePoint vc="0" uspid="13" ordinal="0" offset="26" sl="75" sc="0" el="75" ec="0" bec="0" bev="0" fileid="1" />
                <SequencePoint vc="0" uspid="14" ordinal="0" offset="29" sl="77" sc="0" el="77" ec="0" bec="0" bev="0" fileid="1" />
                <SequencePoint vc="0" uspid="15" ordinal="0" offset="30" sl="78" sc="0" el="78" ec="0" bec="0" bev="0" fileid="1" />
                <SequencePoint vc="0" uspid="16" ordinal="0" offset="41" sl="80" sc="0" el="80" ec="0" bec="0" bev="0" fileid="1" />
              </SequencePoints>
              <BranchPoints />
            </Method>
            <Method visited="false" cyclomaticComplexity="0" nPathComplexity="0" sequenceCoverage="0.0" branchCoverage="0" crapScore="0" isConstructor="false" isStatic="false" isGetter="false" isSetter="false">
              <Summary numSequencePoints="4" visitedSequencePoints="0" numBranchPoints="0" visitedBranchPoints="0" sequenceCoverage="0.0" branchCoverage="0" maxCyclomaticComplexity="0" minCyclomaticComplexity="0" maxCrapScore="0" minCrapScore="0" visitedClasses="0" numClasses="0" visitedMethods="0" numMethods="1" />
              <MetadataToken>100663303</MetadataToken>
              <Name>System.Void DanielLochner.Assets.SimpleSideMenu.SimpleSideMenu::Update()</Name>
              <FileRef uid="1" />
              <SequencePoints>
                <SequencePoint vc="0" uspid="17" ordinal="0" offset="0" sl="82" sc="0" el="82" ec="0" bec="0" bev="0" fileid="1" />
                <SequencePoint vc="0" uspid="18" ordinal="0" offset="1" sl="83" sc="0" el="83" ec="0" bec="0" bev="0" fileid="1" />
                <SequencePoint vc="0" uspid="19" ordinal="0" offset="8" sl="84" sc="0" el="84" ec="0" bec="0" bev="0" fileid="1" />
                <SequencePoint vc="0" uspid="20" ordinal="0" offset="15" sl="85" sc="0" el="85" ec="0" bec="0" bev="0" fileid="1" />
              </SequencePoints>
              <BranchPoints />
            </Method>
            <Method visited="false" cyclomaticComplexity="0" nPathComplexity="0" sequenceCoverage="0.0" branchCoverage="0" crapScore="0" isConstructor="false" isStatic="false" isGetter="false" isSetter="false">
              <Summary numSequencePoints="3" visitedSequencePoints="0" numBranchPoints="0" visitedBranchPoints="0" sequenceCoverage="0.0" branchCoverage="0" maxCyclomaticComplexity="0" minCyclomaticComplexity="0" maxCrapScore="0" minCrapScore="0" visitedClasses="0" numClasses="0" visitedMethods="0" numMethods="1" />
              <MetadataToken>100663304</MetadataToken>
              <Name>System.Void DanielLochner.Assets.SimpleSideMenu.SimpleSideMenu::OnValidate()</Name>
              <FileRef uid="1" />
              <SequencePoints>
                <SequencePoint vc="0" uspid="21" ordinal="0" offset="0" sl="88" sc="0" el="88" ec="0" bec="0" bev="0" fileid="1" />
                <SequencePoint vc="0" uspid="22" ordinal="0" offset="1" sl="89" sc="0" el="89" ec="0" bec="0" bev="0" fileid="1" />
                <SequencePoint vc="0" uspid="23" ordinal="0" offset="8" sl="90" sc="0" el="90" ec="0" bec="0" bev="0" fileid="1" />
              </SequencePoints>
              <BranchPoints />
            </Method>
            <Method visited="false" cyclomaticComplexity="0" nPathComplexity="0" sequenceCoverage="0.0" branchCoverage="0" crapScore="0" isConstructor="false" isStatic="false" isGetter="false" isSetter="false">
              <Summary numSequencePoints="3" visitedSequencePoints="0" numBranchPoints="0" visitedBranchPoints="0" sequenceCoverage="0.0" branchCoverage="0" maxCyclomaticComplexity="0" minCyclomaticComplexity="0" maxCrapScore="0" minCrapScore="0" visitedClasses="0" numClasses="0" visitedMethods="0" numMethods="1" />
              <MetadataToken>100663305</MetadataToken>
              <Name>System.Void DanielLochner.Assets.SimpleSideMenu.SimpleSideMenu::OnInitializePotentialDrag(UnityEngine.EventSystems.PointerEventData)</Name>
              <FileRef uid="1" />
              <SequencePoints>
                <SequencePoint vc="0" uspid="24" ordinal="0" offset="0" sl="94" sc="0" el="94" ec="0" bec="0" bev="0" fileid="1" />
                <SequencePoint vc="0" uspid="25" ordinal="0" offset="1" sl="95" sc="0" el="95" ec="0" bec="0" bev="0" fileid="1" />
                <SequencePoint vc="0" uspid="26" ordinal="0" offset="65" sl="96" sc="0" el="96" ec="0" bec="0" bev="0" fileid="1" />
              </SequencePoints>
              <BranchPoints />
            </Method>
            <Method visited="false" cyclomaticComplexity="0" nPathComplexity="0" sequenceCoverage="0.0" branchCoverage="0" crapScore="0" isConstructor="false" isStatic="false" isGetter="false" isSetter="false">
              <Summary numSequencePoints="8" visitedSequencePoints="0" numBranchPoints="0" visitedBranchPoints="0" sequenceCoverage="0.0" branchCoverage="0" maxCyclomaticComplexity="0" minCyclomaticComplexity="0" maxCrapScore="0" minCrapScore="0" visitedClasses="0" numClasses="0" visitedMethods="0" numMethods="1" />
              <MetadataToken>100663306</MetadataToken>
              <Name>System.Void DanielLochner.Assets.SimpleSideMenu.SimpleSideMenu::OnBeginDrag(UnityEngine.EventSystems.PointerEventData)</Name>
              <FileRef uid="1" />
              <SequencePoints>
                <SequencePoint vc="0" uspid="27" ordinal="0" offset="0" sl="98" sc="0" el="98" ec="0" bec="0" bev="0" fileid="1" />
                <SequencePoint vc="0" uspid="28" ordinal="0" offset="1" sl="99" sc="0" el="99" ec="0" bec="0" bev="0" fileid="1" />
                <SequencePoint vc="0" uspid="29" ordinal="0" offset="13" sl="101" sc="0" el="101" ec="0" bec="0" bev="0" fileid="1" />
                <SequencePoint vc="0" uspid="30" ordinal="0" offset="63" sl="102" sc="0" el="102" ec="0" bec="0" bev="0" fileid="1" />
                <SequencePoint vc="0" uspid="31" ordinal="0" offset="64" sl="103" sc="0" el="103" ec="0" bec="0" bev="0" fileid="1" />
                <SequencePoint vc="0" uspid="32" ordinal="0" offset="71" sl="104" sc="0" el="104" ec="0" bec="0" bev="0" fileid="1" />
                <SequencePoint vc="0" uspid="33" ordinal="0" offset="72" sl="105" sc="0" el="105" ec="0" bec="0" bev="0" fileid="1" />
                <SequencePoint vc="0" uspid="34" ordinal="0" offset="89" sl="106" sc="0" el="106" ec="0" bec="0" bev="0" fileid="1" />
              </SequencePoints>
              <BranchPoints />
            </Method>
            <Method visited="false" cyclomaticComplexity="0" nPathComplexity="0" sequenceCoverage="0.0" branchCoverage="0" crapScore="0" isConstructor="false" isStatic="false" isGetter="false" isSetter="false">
              <Summary numSequencePoints="15" visitedSequencePoints="0" numBranchPoints="0" visitedBranchPoints="0" sequenceCoverage="0.0" branchCoverage="0" maxCyclomaticComplexity="0" minCyclomaticComplexity="0" maxCrapScore="0" minCrapScore="0" visitedClasses="0" numClasses="0" visitedMethods="0" numMethods="1" />
              <MetadataToken>100663307</MetadataToken>
              <Name>System.Void DanielLochner.Assets.SimpleSideMenu.SimpleSideMenu::OnDrag(UnityEngine.EventSystems.PointerEventData)</Name>
              <FileRef uid="1" />
              <SequencePoints>
                <SequencePoint vc="0" uspid="35" ordinal="0" offset="0" sl="108" sc="0" el="108" ec="0" bec="0" bev="0" fileid="1" />
                <SequencePoint vc="0" uspid="36" ordinal="0" offset="1" sl="109" sc="0" el="109" ec="0" bec="0" bev="0" fileid="1" />
                <SequencePoint vc="0" uspid="37" ordinal="0" offset="65" sl="110" sc="0" el="110" ec="0" bec="0" bev="0" fileid="1" />
                <SequencePoint vc="0" uspid="38" ordinal="0" offset="66" sl="111" sc="0" el="111" ec="0" bec="0" bev="0" fileid="1" />
                <SequencePoint vc="0" uspid="39" ordinal="0" offset="106" sl="113" sc="0" el="113" ec="0" bec="0" bev="0" fileid="1" />
                <SequencePoint vc="0" uspid="40" ordinal="0" offset="148" sl="114" sc="0" el="114" ec="0" bec="0" bev="0" fileid="1" />
                <SequencePoint vc="0" uspid="41" ordinal="0" offset="192" sl="116" sc="0" el="116" ec="0" bec="0" bev="0" fileid="1" />
                <SequencePoint vc="0" uspid="42" ordinal="0" offset="253" sl="117" sc="0" el="117" ec="0" bec="0" bev="0" fileid="1" />
                <SequencePoint vc="0" uspid="43" ordinal="0" offset="314" sl="119" sc="0" el="119" ec="0" bec="0" bev="0" fileid="1" />
                <SequencePoint vc="0" uspid="44" ordinal="0" offset="372" sl="121" sc="0" el="121" ec="0" bec="0" bev="0" fileid="1" />
                <SequencePoint vc="0" uspid="45" ordinal="0" offset="384" sl="122" sc="0" el="122" ec="0" bec="0" bev="0" fileid="1" />
                <SequencePoint vc="0" uspid="46" ordinal="0" offset="385" sl="124" sc="0" el="124" ec="0" bec="0" bev="0" fileid="1" />
                <SequencePoint vc="0" uspid="47" ordinal="0" offset="435" sl="125" sc="0" el="125" ec="0" bec="0" bev="0" fileid="1" />
                <SequencePoint vc="0" uspid="48" ordinal="0" offset="452" sl="126" sc="0" el="126" ec="0" bec="0" bev="0" fileid="1" />
                <SequencePoint vc="0" uspid="49" ordinal="0" offset="463" sl="127" sc="0" el="127" ec="0" bec="0" bev="0" fileid="1" />
              </SequencePoints>
              <BranchPoints />
            </Method>
            <Method visited="false" cyclomaticComplexity="0" nPathComplexity="0" sequenceCoverage="0.0" branchCoverage="0" crapScore="0" isConstructor="false" isStatic="false" isGetter="false" isSetter="false">
              <Summary numSequencePoints="5" visitedSequencePoints="0" numBranchPoints="0" visitedBranchPoints="0" sequenceCoverage="0.0" branchCoverage="0" maxCyclomaticComplexity="0" minCyclomaticComplexity="0" maxCrapScore="0" minCrapScore="0" visitedClasses="0" numClasses="0" visitedMethods="0" numMethods="1" />
              <MetadataToken>100663308</MetadataToken>
              <Name>System.Void DanielLochner.Assets.SimpleSideMenu.SimpleSideMenu::OnEndDrag(UnityEngine.EventSystems.PointerEventData)</Name>
              <FileRef uid="1" />
              <SequencePoints>
                <SequencePoint vc="0" uspid="50" ordinal="0" offset="0" sl="129" sc="0" el="129" ec="0" bec="0" bev="0" fileid="1" />
                <SequencePoint vc="0" uspid="51" ordinal="0" offset="1" sl="130" sc="0" el="130" ec="0" bec="0" bev="0" fileid="1" />
                <SequencePoint vc="0" uspid="52" ordinal="0" offset="8" sl="132" sc="0" el="132" ec="0" bec="0" bev="0" fileid="1" />
                <SequencePoint vc="0" uspid="53" ordinal="0" offset="20" sl="133" sc="0" el="133" ec="0" bec="0" bev="0" fileid="1" />
                <SequencePoint vc="0" uspid="54" ordinal="0" offset="27" sl="134" sc="0" el="134" ec="0" bec="0" bev="0" fileid="1" />
              </SequencePoints>
              <BranchPoints />
            </Method>
            <Method visited="false" cyclomaticComplexity="0" nPathComplexity="0" sequenceCoverage="0.0" branchCoverage="0" crapScore="0" isConstructor="false" isStatic="false" isGetter="false" isSetter="false">
              <Summary numSequencePoints="9" visitedSequencePoints="0" numBranchPoints="0" visitedBranchPoints="0" sequenceCoverage="0.0" branchCoverage="0" maxCyclomaticComplexity="0" minCyclomaticComplexity="0" maxCrapScore="0" minCrapScore="0" visitedClasses="0" numClasses="0" visitedMethods="0" numMethods="1" />
              <MetadataToken>100663309</MetadataToken>
              <Name>System.Void DanielLochner.Assets.SimpleSideMenu.SimpleSideMenu::Initialize()</Name>
              <FileRef uid="1" />
              <SequencePoints>
                <SequencePoint vc="0" uspid="55" ordinal="0" offset="0" sl="137" sc="0" el="137" ec="0" bec="0" bev="0" fileid="1" />
                <SequencePoint vc="0" uspid="56" ordinal="0" offset="1" sl="138" sc="0" el="138" ec="0" bec="0" bev="0" fileid="1" />
                <SequencePoint vc="0" uspid="57" ordinal="0" offset="13" sl="139" sc="0" el="139" ec="0" bec="0" bev="0" fileid="1" />
                <SequencePoint vc="0" uspid="58" ordinal="0" offset="25" sl="141" sc="0" el="141" ec="0" bec="0" bev="0" fileid="1" />
                <SequencePoint vc="0" uspid="59" ordinal="0" offset="41" sl="142" sc="0" el="142" ec="0" bec="0" bev="0" fileid="1" />
                <SequencePoint vc="0" uspid="60" ordinal="0" offset="42" sl="143" sc="0" el="143" ec="0" bec="0" bev="0" fileid="1" />
                <SequencePoint vc="0" uspid="61" ordinal="0" offset="59" sl="144" sc="0" el="144" ec="0" bec="0" bev="0" fileid="1" />
                <SequencePoint vc="0" uspid="62" ordinal="0" offset="76" sl="145" sc="0" el="145" ec="0" bec="0" bev="0" fileid="1" />
                <SequencePoint vc="0" uspid="63" ordinal="0" offset="77" sl="146" sc="0" el="146" ec="0" bec="0" bev="0" fileid="1" />
              </SequencePoints>
              <BranchPoints />
            </Method>
            <Method visited="false" cyclomaticComplexity="0" nPathComplexity="0" sequenceCoverage="0.0" branchCoverage="0" crapScore="0" isConstructor="false" isStatic="false" isGetter="false" isSetter="false">
              <Summary numSequencePoints="19" visitedSequencePoints="0" numBranchPoints="0" visitedBranchPoints="0" sequenceCoverage="0.0" branchCoverage="0" maxCyclomaticComplexity="0" minCyclomaticComplexity="0" maxCrapScore="0" minCrapScore="0" visitedClasses="0" numClasses="0" visitedMethods="0" numMethods="1" />
              <MetadataToken>100663310</MetadataToken>
              <Name>System.Boolean DanielLochner.Assets.SimpleSideMenu.SimpleSideMenu::Validate()</Name>
              <FileRef uid="1" />
              <SequencePoints>
                <SequencePoint vc="0" uspid="64" ordinal="0" offset="0" sl="148" sc="0" el="148" ec="0" bec="0" bev="0" fileid="1" />
                <SequencePoint vc="0" uspid="65" ordinal="0" offset="1" sl="149" sc="0" el="149" ec="0" bec="0" bev="0" fileid="1" />
                <SequencePoint vc="0" uspid="66" ordinal="0" offset="3" sl="151" sc="0" el="151" ec="0" bec="0" bev="0" fileid="1" />
                <SequencePoint vc="0" uspid="67" ordinal="0" offset="23" sl="152" sc="0" el="152" ec="0" bec="0" bev="0" fileid="1" />
                <SequencePoint vc="0" uspid="68" ordinal="0" offset="24" sl="153" sc="0" el="153" ec="0" bec="0" bev="0" fileid="1" />
                <SequencePoint vc="0" uspid="69" ordinal="0" offset="41" sl="154" sc="0" el="154" ec="0" bec="0" bev="0" fileid="1" />
                <SequencePoint vc="0" uspid="70" ordinal="0" offset="43" sl="155" sc="0" el="155" ec="0" bec="0" bev="0" fileid="1" />
                <SequencePoint vc="0" uspid="71" ordinal="0" offset="44" sl="156" sc="0" el="156" ec="0" bec="0" bev="0" fileid="1" />
                <SequencePoint vc="0" uspid="72" ordinal="0" offset="100" sl="157" sc="0" el="157" ec="0" bec="0" bev="0" fileid="1" />
                <SequencePoint vc="0" uspid="73" ordinal="0" offset="101" sl="158" sc="0" el="158" ec="0" bec="0" bev="0" fileid="1" />
                <SequencePoint vc="0" uspid="74" ordinal="0" offset="118" sl="159" sc="0" el="159" ec="0" bec="0" bev="0" fileid="1" />
                <SequencePoint vc="0" uspid="75" ordinal="0" offset="120" sl="160" sc="0" el="160" ec="0" bec="0" bev="0" fileid="1" />
                <SequencePoint vc="0" uspid="76" ordinal="0" offset="121" sl="161" sc="0" el="161" ec="0" bec="0" bev="0" fileid="1" />
                <SequencePoint vc="0" uspid="77" ordinal="0" offset="153" sl="162" sc="0" el="162" ec="0" bec="0" bev="0" fileid="1" />
                <SequencePoint vc="0" uspid="78" ordinal="0" offset="154" sl="163" sc="0" el="163" ec="0" bec="0" bev="0" fileid="1" />
                <SequencePoint vc="0" uspid="79" ordinal="0" offset="171" sl="164" sc="0" el="164" ec="0" bec="0" bev="0" fileid="1" />
                <SequencePoint vc="0" uspid="80" ordinal="0" offset="173" sl="165" sc="0" el="165" ec="0" bec="0" bev="0" fileid="1" />
                <SequencePoint vc="0" uspid="81" ordinal="0" offset="174" sl="167" sc="0" el="167" ec="0" bec="0" bev="0" fileid="1" />
                <SequencePoint vc="0" uspid="82" ordinal="0" offset="179" sl="168" sc="0" el="168" ec="0" bec="0" bev="0" fileid="1" />
              </SequencePoints>
              <BranchPoints />
            </Method>
            <Method visited="false" cyclomaticComplexity="0" nPathComplexity="0" sequenceCoverage="0.0" branchCoverage="0" crapScore="0" isConstructor="false" isStatic="false" isGetter="false" isSetter="false">
              <Summary numSequencePoints="92" visitedSequencePoints="0" numBranchPoints="0" visitedBranchPoints="0" sequenceCoverage="0.0" branchCoverage="0" maxCyclomaticComplexity="0" minCyclomaticComplexity="0" maxCrapScore="0" minCrapScore="0" visitedClasses="0" numClasses="0" visitedMethods="0" numMethods="1" />
              <MetadataToken>100663311</MetadataToken>
              <Name>System.Void DanielLochner.Assets.SimpleSideMenu.SimpleSideMenu::Setup()</Name>
              <FileRef uid="1" />
              <SequencePoints>
                <SequencePoint vc="0" uspid="83" ordinal="0" offset="0" sl="170" sc="0" el="170" ec="0" bec="0" bev="0" fileid="1" />
                <SequencePoint vc="0" uspid="84" ordinal="0" offset="1" sl="172" sc="0" el="172" ec="0" bec="0" bev="0" fileid="1" />
                <SequencePoint vc="0" uspid="85" ordinal="0" offset="22" sl="173" sc="0" el="173" ec="0" bec="0" bev="0" fileid="1" />
                <SequencePoint vc="0" uspid="86" ordinal="0" offset="23" sl="174" sc="0" el="174" ec="0" bec="0" bev="0" fileid="1" />
                <SequencePoint vc="0" uspid="87" ordinal="0" offset="95" sl="175" sc="0" el="175" ec="0" bec="0" bev="0" fileid="1" />
                <SequencePoint vc="0" uspid="88" ordinal="0" offset="130" sl="176" sc="0" el="176" ec="0" bec="0" bev="0" fileid="1" />
                <SequencePoint vc="0" uspid="89" ordinal="0" offset="131" sl="177" sc="0" el="177" ec="0" bec="0" bev="0" fileid="1" />
                <SequencePoint vc="0" uspid="90" ordinal="0" offset="164" sl="178" sc="0" el="178" ec="0" bec="0" bev="0" fileid="1" />
                <SequencePoint vc="0" uspid="91" ordinal="0" offset="165" sl="179" sc="0" el="179" ec="0" bec="0" bev="0" fileid="1" />
                <SequencePoint vc="0" uspid="92" ordinal="0" offset="166" sl="182" sc="0" el="182" ec="0" bec="0" bev="0" fileid="1" />
                <SequencePoint vc="0" uspid="93" ordinal="0" offset="172" sl="183" sc="0" el="183" ec="0" bec="0" bev="0" fileid="1" />
                <SequencePoint vc="0" uspid="94" ordinal="0" offset="178" sl="184" sc="0" el="184" ec="0" bec="0" bev="0" fileid="1" />
                <SequencePoint vc="0" uspid="95" ordinal="0" offset="184" sl="185" sc="0" el="185" ec="0" bec="0" bev="0" fileid="1" />
                <SequencePoint vc="0" uspid="96" ordinal="0" offset="224" sl="188" sc="0" el="188" ec="0" bec="0" bev="0" fileid="1" />
                <SequencePoint vc="0" uspid="97" ordinal="0" offset="241" sl="189" sc="0" el="189" ec="0" bec="0" bev="0" fileid="1" />
                <SequencePoint vc="0" uspid="98" ordinal="0" offset="258" sl="190" sc="0" el="190" ec="0" bec="0" bev="0" fileid="1" />
                <SequencePoint vc="0" uspid="99" ordinal="0" offset="275" sl="191" sc="0" el="191" ec="0" bec="0" bev="0" fileid="1" />
                <SequencePoint vc="0" uspid="100" ordinal="0" offset="307" sl="192" sc="0" el="192" ec="0" bec="0" bev="0" fileid="1" />
                <SequencePoint vc="0" uspid="101" ordinal="0" offset="354" sl="193" sc="0" el="193" ec="0" bec="0" bev="0" fileid="1" />
                <SequencePoint vc="0" uspid="102" ordinal="0" offset="359" sl="195" sc="0" el="195" ec="0" bec="0" bev="0" fileid="1" />
                <SequencePoint vc="0" uspid="103" ordinal="0" offset="376" sl="196" sc="0" el="196" ec="0" bec="0" bev="0" fileid="1" />
                <SequencePoint vc="0" uspid="104" ordinal="0" offset="393" sl="197" sc="0" el="197" ec="0" bec="0" bev="0" fileid="1" />
                <SequencePoint vc="0" uspid="105" ordinal="0" offset="410" sl="198" sc="0" el="198" ec="0" bec="0" bev="0" fileid="1" />
                <SequencePoint vc="0" uspid="106" ordinal="0" offset="442" sl="199" sc="0" el="199" ec="0" bec="0" bev="0" fileid="1" />
                <SequencePoint vc="0" uspid="107" ordinal="0" offset="495" sl="200" sc="0" el="200" ec="0" bec="0" bev="0" fileid="1" />
                <SequencePoint vc="0" uspid="108" ordinal="0" offset="500" sl="202" sc="0" el="202" ec="0" bec="0" bev="0" fileid="1" />
                <SequencePoint vc="0" uspid="109" ordinal="0" offset="517" sl="203" sc="0" el="203" ec="0" bec="0" bev="0" fileid="1" />
                <SequencePoint vc="0" uspid="110" ordinal="0" offset="534" sl="204" sc="0" el="204" ec="0" bec="0" bev="0" fileid="1" />
                <SequencePoint vc="0" uspid="111" ordinal="0" offset="551" sl="205" sc="0" el="205" ec="0" bec="0" bev="0" fileid="1" />
                <SequencePoint vc="0" uspid="112" ordinal="0" offset="583" sl="206" sc="0" el="206" ec="0" bec="0" bev="0" fileid="1" />
                <SequencePoint vc="0" uspid="113" ordinal="0" offset="636" sl="207" sc="0" el="207" ec="0" bec="0" bev="0" fileid="1" />
                <SequencePoint vc="0" uspid="114" ordinal="0" offset="641" sl="209" sc="0" el="209" ec="0" bec="0" bev="0" fileid="1" />
                <SequencePoint vc="0" uspid="115" ordinal="0" offset="658" sl="210" sc="0" el="210" ec="0" bec="0" bev="0" fileid="1" />
                <SequencePoint vc="0" uspid="116" ordinal="0" offset="675" sl="211" sc="0" el="211" ec="0" bec="0" bev="0" fileid="1" />
                <SequencePoint vc="0" uspid="117" ordinal="0" offset="692" sl="212" sc="0" el="212" ec="0" bec="0" bev="0" fileid="1" />
                <SequencePoint vc="0" uspid="118" ordinal="0" offset="724" sl="213" sc="0" el="213" ec="0" bec="0" bev="0" fileid="1" />
                <SequencePoint vc="0" uspid="119" ordinal="0" offset="771" sl="214" sc="0" el="214" ec="0" bec="0" bev="0" fileid="1" />
                <SequencePoint vc="0" uspid="120" ordinal="0" offset="773" sl="216" sc="0" el="216" ec="0" bec="0" bev="0" fileid="1" />
                <SequencePoint vc="0" uspid="121" ordinal="0" offset="805" sl="217" sc="0" el="217" ec="0" bec="0" bev="0" fileid="1" />
                <SequencePoint vc="0" uspid="122" ordinal="0" offset="818" sl="218" sc="0" el="218" ec="0" bec="0" bev="0" fileid="1" />
                <SequencePoint vc="0" uspid="123" ordinal="0" offset="831" sl="219" sc="0" el="219" ec="0" bec="0" bev="0" fileid="1" />
                <SequencePoint vc="0" uspid="124" ordinal="0" offset="844" sl="222" sc="0" el="222" ec="0" bec="0" bev="0" fileid="1" />
                <SequencePoint vc="0" uspid="125" ordinal="0" offset="869" sl="223" sc="0" el="223" ec="0" bec="0" bev="0" fileid="1" />
                <SequencePoint vc="0" uspid="126" ordinal="0" offset="903" sl="226" sc="0" el="226" ec="0" bec="0" bev="0" fileid="1" />
                <SequencePoint vc="0" uspid="127" ordinal="0" offset="921" sl="227" sc="0" el="227" ec="0" bec="0" bev="0" fileid="1" />
                <SequencePoint vc="0" uspid="128" ordinal="0" offset="922" sl="229" sc="0" el="229" ec="0" bec="0" bev="0" fileid="1" />
                <SequencePoint vc="0" uspid="129" ordinal="0" offset="934" sl="230" sc="0" el="230" ec="0" bec="0" bev="0" fileid="1" />
                <SequencePoint vc="0" uspid="130" ordinal="0" offset="935" sl="231" sc="0" el="231" ec="0" bec="0" bev="0" fileid="1" />
                <SequencePoint vc="0" uspid="131" ordinal="0" offset="969" sl="232" sc="0" el="232" ec="0" bec="0" bev="0" fileid="1" />
                <SequencePoint vc="0" uspid="132" ordinal="0" offset="970" sl="233" sc="0" el="233" ec="0" bec="0" bev="0" fileid="1" />
                <SequencePoint vc="0" uspid="133" ordinal="0" offset="971" sl="233" sc="0" el="233" ec="0" bec="0" bev="0" fileid="1" />
                <SequencePoint vc="0" uspid="134" ordinal="0" offset="989" sl="233" sc="0" el="233" ec="0" bec="0" bev="0" fileid="1" />
                <SequencePoint vc="0" uspid="135" ordinal="0" offset="996" sl="234" sc="0" el="234" ec="0" bec="0" bev="0" fileid="1" />
                <SequencePoint vc="0" uspid="136" ordinal="0" offset="997" sl="235" sc="0" el="235" ec="0" bec="0" bev="0" fileid="1" />
                <SequencePoint vc="0" uspid="137" ordinal="0" offset="1021" sl="235" sc="0" el="235" ec="0" bec="0" bev="0" fileid="1" />
                <SequencePoint vc="0" uspid="138" ordinal="0" offset="1030" sl="236" sc="0" el="236" ec="0" bec="0" bev="0" fileid="1" />
                <SequencePoint vc="0" uspid="139" ordinal="0" offset="1037" sl="233" sc="0" el="233" ec="0" bec="0" bev="0" fileid="1" />
                <SequencePoint vc="0" uspid="140" ordinal="0" offset="1045" sl="237" sc="0" el="237" ec="0" bec="0" bev="0" fileid="1" />
                <SequencePoint vc="0" uspid="141" ordinal="0" offset="1046" sl="240" sc="0" el="240" ec="0" bec="0" bev="0" fileid="1" />
                <SequencePoint vc="0" uspid="142" ordinal="0" offset="1061" sl="241" sc="0" el="241" ec="0" bec="0" bev="0" fileid="1" />
                <SequencePoint vc="0" uspid="143" ordinal="0" offset="1062" sl="242" sc="0" el="242" ec="0" bec="0" bev="0" fileid="1" />
                <SequencePoint vc="0" uspid="144" ordinal="0" offset="1094" sl="243" sc="0" el="243" ec="0" bec="0" bev="0" fileid="1" />
                <SequencePoint vc="0" uspid="145" ordinal="0" offset="1122" sl="244" sc="0" el="244" ec="0" bec="0" bev="0" fileid="1" />
                <SequencePoint vc="0" uspid="146" ordinal="0" offset="1144" sl="245" sc="0" el="245" ec="0" bec="0" bev="0" fileid="1" />
                <SequencePoint vc="0" uspid="147" ordinal="0" offset="1172" sl="247" sc="0" el="247" ec="0" bec="0" bev="0" fileid="1" />
                <SequencePoint vc="0" uspid="148" ordinal="0" offset="1187" sl="248" sc="0" el="248" ec="0" bec="0" bev="0" fileid="1" />
                <SequencePoint vc="0" uspid="149" ordinal="0" offset="1188" sl="249" sc="0" el="249" ec="0" bec="0" bev="0" fileid="1" />
                <SequencePoint vc="0" uspid="150" ordinal="0" offset="1220" sl="250" sc="0" el="250" ec="0" bec="0" bev="0" fileid="1" />
                <SequencePoint vc="0" uspid="151" ordinal="0" offset="1248" sl="251" sc="0" el="251" ec="0" bec="0" bev="0" fileid="1" />
                <SequencePoint vc="0" uspid="152" ordinal="0" offset="1276" sl="253" sc="0" el="253" ec="0" bec="0" bev="0" fileid="1" />
                <SequencePoint vc="0" uspid="153" ordinal="0" offset="1289" sl="254" sc="0" el="254" ec="0" bec="0" bev="0" fileid="1" />
                <SequencePoint vc="0" uspid="154" ordinal="0" offset="1302" sl="255" sc="0" el="255" ec="0" bec="0" bev="0" fileid="1" />
                <SequencePoint vc="0" uspid="155" ordinal="0" offset="1315" sl="256" sc="0" el="256" ec="0" bec="0" bev="0" fileid="1" />
                <SequencePoint vc="0" uspid="156" ordinal="0" offset="1328" sl="257" sc="0" el="257" ec="0" bec="0" bev="0" fileid="1" />
                <SequencePoint vc="0" uspid="157" ordinal="0" offset="1341" sl="258" sc="0" el="258" ec="0" bec="0" bev="0" fileid="1" />
                <SequencePoint vc="0" uspid="158" ordinal="0" offset="1358" sl="259" sc="0" el="259" ec="0" bec="0" bev="0" fileid="1" />
                <SequencePoint vc="0" uspid="159" ordinal="0" offset="1371" sl="260" sc="0" el="260" ec="0" bec="0" bev="0" fileid="1" />
                <SequencePoint vc="0" uspid="160" ordinal="0" offset="1394" sl="261" sc="0" el="261" ec="0" bec="0" bev="0" fileid="1" />
                <SequencePoint vc="0" uspid="161" ordinal="0" offset="1417" sl="262" sc="0" el="262" ec="0" bec="0" bev="0" fileid="1" />
                <SequencePoint vc="0" uspid="162" ordinal="0" offset="1418" sl="264" sc="0" el="264" ec="0" bec="0" bev="0" fileid="1" />
                <SequencePoint vc="0" uspid="163" ordinal="0" offset="1431" sl="265" sc="0" el="265" ec="0" bec="0" bev="0" fileid="1" />
                <SequencePoint vc="0" uspid="164" ordinal="0" offset="1444" sl="266" sc="0" el="266" ec="0" bec="0" bev="0" fileid="1" />
                <SequencePoint vc="0" uspid="165" ordinal="0" offset="1457" sl="267" sc="0" el="267" ec="0" bec="0" bev="0" fileid="1" />
                <SequencePoint vc="0" uspid="166" ordinal="0" offset="1470" sl="268" sc="0" el="268" ec="0" bec="0" bev="0" fileid="1" />
                <SequencePoint vc="0" uspid="167" ordinal="0" offset="1483" sl="269" sc="0" el="269" ec="0" bec="0" bev="0" fileid="1" />
                <SequencePoint vc="0" uspid="168" ordinal="0" offset="1500" sl="270" sc="0" el="270" ec="0" bec="0" bev="0" fileid="1" />
                <SequencePoint vc="0" uspid="169" ordinal="0" offset="1534" sl="271" sc="0" el="271" ec="0" bec="0" bev="0" fileid="1" />
                <SequencePoint vc="0" uspid="170" ordinal="0" offset="1552" sl="272" sc="0" el="272" ec="0" bec="0" bev="0" fileid="1" />
                <SequencePoint vc="0" uspid="171" ordinal="0" offset="1565" sl="273" sc="0" el="273" ec="0" bec="0" bev="0" fileid="1" />
                <SequencePoint vc="0" uspid="172" ordinal="0" offset="1574" sl="274" sc="0" el="274" ec="0" bec="0" bev="0" fileid="1" />
                <SequencePoint vc="0" uspid="173" ordinal="0" offset="1599" sl="275" sc="0" el="275" ec="0" bec="0" bev="0" fileid="1" />
                <SequencePoint vc="0" uspid="174" ordinal="0" offset="1600" sl="276" sc="0" el="276" ec="0" bec="0" bev="0" fileid="1" />
              </SequencePoints>
              <BranchPoints />
            </Method>
            <Method visited="false" cyclomaticComplexity="0" nPathComplexity="0" sequenceCoverage="0.0" branchCoverage="0" crapScore="0" isConstructor="false" isStatic="false" isGetter="false" isSetter="false">
              <Summary numSequencePoints="54" visitedSequencePoints="0" numBranchPoints="0" visitedBranchPoints="0" sequenceCoverage="0.0" branchCoverage="0" maxCyclomaticComplexity="0" minCyclomaticComplexity="0" maxCrapScore="0" minCrapScore="0" visitedClasses="0" numClasses="0" visitedMethods="0" numMethods="1" />
              <MetadataToken>100663312</MetadataToken>
              <Name>System.Void DanielLochner.Assets.SimpleSideMenu.SimpleSideMenu::OnTargetUpdate()</Name>
              <FileRef uid="1" />
              <SequencePoints>
                <SequencePoint vc="0" uspid="175" ordinal="0" offset="0" sl="279" sc="0" el="279" ec="0" bec="0" bev="0" fileid="1" />
                <SequencePoint vc="0" uspid="176" ordinal="0" offset="1" sl="280" sc="0" el="280" ec="0" bec="0" bev="0" fileid="1" />
                <SequencePoint vc="0" uspid="177" ordinal="0" offset="27" sl="281" sc="0" el="281" ec="0" bec="0" bev="0" fileid="1" />
                <SequencePoint vc="0" uspid="178" ordinal="0" offset="28" sl="282" sc="0" el="282" ec="0" bec="0" bev="0" fileid="1" />
                <SequencePoint vc="0" uspid="179" ordinal="0" offset="41" sl="283" sc="0" el="283" ec="0" bec="0" bev="0" fileid="1" />
                <SequencePoint vc="0" uspid="180" ordinal="0" offset="42" sl="284" sc="0" el="284" ec="0" bec="0" bev="0" fileid="1" />
                <SequencePoint vc="0" uspid="181" ordinal="0" offset="64" sl="285" sc="0" el="285" ec="0" bec="0" bev="0" fileid="1" />
                <SequencePoint vc="0" uspid="182" ordinal="0" offset="65" sl="286" sc="0" el="286" ec="0" bec="0" bev="0" fileid="1" />
                <SequencePoint vc="0" uspid="183" ordinal="0" offset="72" sl="287" sc="0" el="287" ec="0" bec="0" bev="0" fileid="1" />
                <SequencePoint vc="0" uspid="184" ordinal="0" offset="75" sl="289" sc="0" el="289" ec="0" bec="0" bev="0" fileid="1" />
                <SequencePoint vc="0" uspid="185" ordinal="0" offset="76" sl="290" sc="0" el="290" ec="0" bec="0" bev="0" fileid="1" />
                <SequencePoint vc="0" uspid="186" ordinal="0" offset="83" sl="291" sc="0" el="291" ec="0" bec="0" bev="0" fileid="1" />
                <SequencePoint vc="0" uspid="187" ordinal="0" offset="84" sl="292" sc="0" el="292" ec="0" bec="0" bev="0" fileid="1" />
                <SequencePoint vc="0" uspid="188" ordinal="0" offset="90" sl="293" sc="0" el="293" ec="0" bec="0" bev="0" fileid="1" />
                <SequencePoint vc="0" uspid="189" ordinal="0" offset="103" sl="294" sc="0" el="294" ec="0" bec="0" bev="0" fileid="1" />
                <SequencePoint vc="0" uspid="190" ordinal="0" offset="104" sl="295" sc="0" el="295" ec="0" bec="0" bev="0" fileid="1" />
                <SequencePoint vc="0" uspid="191" ordinal="0" offset="128" sl="296" sc="0" el="296" ec="0" bec="0" bev="0" fileid="1" />
                <SequencePoint vc="0" uspid="192" ordinal="0" offset="129" sl="297" sc="0" el="297" ec="0" bec="0" bev="0" fileid="1" />
                <SequencePoint vc="0" uspid="193" ordinal="0" offset="136" sl="298" sc="0" el="298" ec="0" bec="0" bev="0" fileid="1" />
                <SequencePoint vc="0" uspid="194" ordinal="0" offset="139" sl="300" sc="0" el="300" ec="0" bec="0" bev="0" fileid="1" />
                <SequencePoint vc="0" uspid="195" ordinal="0" offset="140" sl="301" sc="0" el="301" ec="0" bec="0" bev="0" fileid="1" />
                <SequencePoint vc="0" uspid="196" ordinal="0" offset="147" sl="302" sc="0" el="302" ec="0" bec="0" bev="0" fileid="1" />
                <SequencePoint vc="0" uspid="197" ordinal="0" offset="148" sl="303" sc="0" el="303" ec="0" bec="0" bev="0" fileid="1" />
                <SequencePoint vc="0" uspid="198" ordinal="0" offset="151" sl="304" sc="0" el="304" ec="0" bec="0" bev="0" fileid="1" />
                <SequencePoint vc="0" uspid="199" ordinal="0" offset="166" sl="305" sc="0" el="305" ec="0" bec="0" bev="0" fileid="1" />
                <SequencePoint vc="0" uspid="200" ordinal="0" offset="167" sl="306" sc="0" el="306" ec="0" bec="0" bev="0" fileid="1" />
                <SequencePoint vc="0" uspid="201" ordinal="0" offset="191" sl="307" sc="0" el="307" ec="0" bec="0" bev="0" fileid="1" />
                <SequencePoint vc="0" uspid="202" ordinal="0" offset="192" sl="308" sc="0" el="308" ec="0" bec="0" bev="0" fileid="1" />
                <SequencePoint vc="0" uspid="203" ordinal="0" offset="199" sl="309" sc="0" el="309" ec="0" bec="0" bev="0" fileid="1" />
                <SequencePoint vc="0" uspid="204" ordinal="0" offset="202" sl="311" sc="0" el="311" ec="0" bec="0" bev="0" fileid="1" />
                <SequencePoint vc="0" uspid="205" ordinal="0" offset="203" sl="312" sc="0" el="312" ec="0" bec="0" bev="0" fileid="1" />
                <SequencePoint vc="0" uspid="206" ordinal="0" offset="210" sl="313" sc="0" el="313" ec="0" bec="0" bev="0" fileid="1" />
                <SequencePoint vc="0" uspid="207" ordinal="0" offset="211" sl="314" sc="0" el="314" ec="0" bec="0" bev="0" fileid="1" />
                <SequencePoint vc="0" uspid="208" ordinal="0" offset="214" sl="316" sc="0" el="316" ec="0" bec="0" bev="0" fileid="1" />
                <SequencePoint vc="0" uspid="209" ordinal="0" offset="215" sl="317" sc="0" el="317" ec="0" bec="0" bev="0" fileid="1" />
                <SequencePoint vc="0" uspid="210" ordinal="0" offset="239" sl="318" sc="0" el="318" ec="0" bec="0" bev="0" fileid="1" />
                <SequencePoint vc="0" uspid="211" ordinal="0" offset="240" sl="319" sc="0" el="319" ec="0" bec="0" bev="0" fileid="1" />
                <SequencePoint vc="0" uspid="212" ordinal="0" offset="247" sl="320" sc="0" el="320" ec="0" bec="0" bev="0" fileid="1" />
                <SequencePoint vc="0" uspid="213" ordinal="0" offset="250" sl="322" sc="0" el="322" ec="0" bec="0" bev="0" fileid="1" />
                <SequencePoint vc="0" uspid="214" ordinal="0" offset="251" sl="323" sc="0" el="323" ec="0" bec="0" bev="0" fileid="1" />
                <SequencePoint vc="0" uspid="215" ordinal="0" offset="258" sl="324" sc="0" el="324" ec="0" bec="0" bev="0" fileid="1" />
                <SequencePoint vc="0" uspid="216" ordinal="0" offset="259" sl="325" sc="0" el="325" ec="0" bec="0" bev="0" fileid="1" />
                <SequencePoint vc="0" uspid="217" ordinal="0" offset="260" sl="326" sc="0" el="326" ec="0" bec="0" bev="0" fileid="1" />
                <SequencePoint vc="0" uspid="218" ordinal="0" offset="263" sl="328" sc="0" el="328" ec="0" bec="0" bev="0" fileid="1" />
                <SequencePoint vc="0" uspid="219" ordinal="0" offset="264" sl="329" sc="0" el="329" ec="0" bec="0" bev="0" fileid="1" />
                <SequencePoint vc="0" uspid="220" ordinal="0" offset="295" sl="331" sc="0" el="331" ec="0" bec="0" bev="0" fileid="1" />
                <SequencePoint vc="0" uspid="221" ordinal="0" offset="311" sl="332" sc="0" el="332" ec="0" bec="0" bev="0" fileid="1" />
                <SequencePoint vc="0" uspid="222" ordinal="0" offset="312" sl="333" sc="0" el="333" ec="0" bec="0" bev="0" fileid="1" />
                <SequencePoint vc="0" uspid="223" ordinal="0" offset="319" sl="334" sc="0" el="334" ec="0" bec="0" bev="0" fileid="1" />
                <SequencePoint vc="0" uspid="224" ordinal="0" offset="322" sl="336" sc="0" el="336" ec="0" bec="0" bev="0" fileid="1" />
                <SequencePoint vc="0" uspid="225" ordinal="0" offset="323" sl="337" sc="0" el="337" ec="0" bec="0" bev="0" fileid="1" />
                <SequencePoint vc="0" uspid="226" ordinal="0" offset="336" sl="338" sc="0" el="338" ec="0" bec="0" bev="0" fileid="1" />
                <SequencePoint vc="0" uspid="227" ordinal="0" offset="337" sl="339" sc="0" el="339" ec="0" bec="0" bev="0" fileid="1" />
                <SequencePoint vc="0" uspid="228" ordinal="0" offset="338" sl="340" sc="0" el="340" ec="0" bec="0" bev="0" fileid="1" />
              </SequencePoints>
              <BranchPoints />
            </Method>
            <Method visited="false" cyclomaticComplexity="0" nPathComplexity="0" sequenceCoverage="0.0" branchCoverage="0" crapScore="0" isConstructor="false" isStatic="false" isGetter="false" isSetter="false">
              <Summary numSequencePoints="18" visitedSequencePoints="0" numBranchPoints="0" visitedBranchPoints="0" sequenceCoverage="0.0" branchCoverage="0" maxCyclomaticComplexity="0" minCyclomaticComplexity="0" maxCrapScore="0" minCrapScore="0" visitedClasses="0" numClasses="0" visitedMethods="0" numMethods="1" />
              <MetadataToken>100663313</MetadataToken>
              <Name>System.Void DanielLochner.Assets.SimpleSideMenu.SimpleSideMenu::OnStateUpdate()</Name>
              <FileRef uid="1" />
              <SequencePoints>
                <SequencePoint vc="0" uspid="229" ordinal="0" offset="0" sl="342" sc="0" el="342" ec="0" bec="0" bev="0" fileid="1" />
                <SequencePoint vc="0" uspid="230" ordinal="0" offset="1" sl="343" sc="0" el="343" ec="0" bec="0" bev="0" fileid="1" />
                <SequencePoint vc="0" uspid="231" ordinal="0" offset="17" sl="344" sc="0" el="344" ec="0" bec="0" bev="0" fileid="1" />
                <SequencePoint vc="0" uspid="232" ordinal="0" offset="18" sl="345" sc="0" el="345" ec="0" bec="0" bev="0" fileid="1" />
                <SequencePoint vc="0" uspid="233" ordinal="0" offset="41" sl="346" sc="0" el="346" ec="0" bec="0" bev="0" fileid="1" />
                <SequencePoint vc="0" uspid="234" ordinal="0" offset="82" sl="348" sc="0" el="348" ec="0" bec="0" bev="0" fileid="1" />
                <SequencePoint vc="0" uspid="235" ordinal="0" offset="103" sl="349" sc="0" el="349" ec="0" bec="0" bev="0" fileid="1" />
                <SequencePoint vc="0" uspid="236" ordinal="0" offset="104" sl="350" sc="0" el="350" ec="0" bec="0" bev="0" fileid="1" />
                <SequencePoint vc="0" uspid="237" ordinal="0" offset="165" sl="351" sc="0" el="351" ec="0" bec="0" bev="0" fileid="1" />
                <SequencePoint vc="0" uspid="238" ordinal="0" offset="166" sl="352" sc="0" el="352" ec="0" bec="0" bev="0" fileid="1" />
                <SequencePoint vc="0" uspid="239" ordinal="0" offset="179" sl="353" sc="0" el="353" ec="0" bec="0" bev="0" fileid="1" />
                <SequencePoint vc="0" uspid="240" ordinal="0" offset="191" sl="354" sc="0" el="354" ec="0" bec="0" bev="0" fileid="1" />
                <SequencePoint vc="0" uspid="241" ordinal="0" offset="194" sl="356" sc="0" el="356" ec="0" bec="0" bev="0" fileid="1" />
                <SequencePoint vc="0" uspid="242" ordinal="0" offset="195" sl="357" sc="0" el="357" ec="0" bec="0" bev="0" fileid="1" />
                <SequencePoint vc="0" uspid="243" ordinal="0" offset="207" sl="358" sc="0" el="358" ec="0" bec="0" bev="0" fileid="1" />
                <SequencePoint vc="0" uspid="244" ordinal="0" offset="208" sl="359" sc="0" el="359" ec="0" bec="0" bev="0" fileid="1" />
                <SequencePoint vc="0" uspid="245" ordinal="0" offset="209" sl="360" sc="0" el="360" ec="0" bec="0" bev="0" fileid="1" />
                <SequencePoint vc="0" uspid="246" ordinal="0" offset="210" sl="361" sc="0" el="361" ec="0" bec="0" bev="0" fileid="1" />
              </SequencePoints>
              <BranchPoints />
            </Method>
            <Method visited="false" cyclomaticComplexity="0" nPathComplexity="0" sequenceCoverage="0.0" branchCoverage="0" crapScore="0" isConstructor="false" isStatic="false" isGetter="false" isSetter="false">
              <Summary numSequencePoints="11" visitedSequencePoints="0" numBranchPoints="0" visitedBranchPoints="0" sequenceCoverage="0.0" branchCoverage="0" maxCyclomaticComplexity="0" minCyclomaticComplexity="0" maxCrapScore="0" minCrapScore="0" visitedClasses="0" numClasses="0" visitedMethods="0" numMethods="1" />
              <MetadataToken>100663314</MetadataToken>
              <Name>System.Void DanielLochner.Assets.SimpleSideMenu.SimpleSideMenu::OnOverlayUpdate()</Name>
              <FileRef uid="1" />
              <SequencePoints>
                <SequencePoint vc="0" uspid="247" ordinal="0" offset="0" sl="363" sc="0" el="363" ec="0" bec="0" bev="0" fileid="1" />
                <SequencePoint vc="0" uspid="248" ordinal="0" offset="1" sl="364" sc="0" el="364" ec="0" bec="0" bev="0" fileid="1" />
                <SequencePoint vc="0" uspid="249" ordinal="0" offset="14" sl="365" sc="0" el="365" ec="0" bec="0" bev="0" fileid="1" />
                <SequencePoint vc="0" uspid="250" ordinal="0" offset="15" sl="366" sc="0" el="366" ec="0" bec="0" bev="0" fileid="1" />
                <SequencePoint vc="0" uspid="251" ordinal="0" offset="47" sl="367" sc="0" el="367" ec="0" bec="0" bev="0" fileid="1" />
                <SequencePoint vc="0" uspid="252" ordinal="0" offset="115" sl="369" sc="0" el="369" ec="0" bec="0" bev="0" fileid="1" />
                <SequencePoint vc="0" uspid="253" ordinal="0" offset="125" sl="370" sc="0" el="370" ec="0" bec="0" bev="0" fileid="1" />
                <SequencePoint vc="0" uspid="254" ordinal="0" offset="126" sl="371" sc="0" el="371" ec="0" bec="0" bev="0" fileid="1" />
                <SequencePoint vc="0" uspid="255" ordinal="0" offset="163" sl="372" sc="0" el="372" ec="0" bec="0" bev="0" fileid="1" />
                <SequencePoint vc="0" uspid="256" ordinal="0" offset="164" sl="373" sc="0" el="373" ec="0" bec="0" bev="0" fileid="1" />
                <SequencePoint vc="0" uspid="257" ordinal="0" offset="165" sl="374" sc="0" el="374" ec="0" bec="0" bev="0" fileid="1" />
              </SequencePoints>
              <BranchPoints />
            </Method>
            <Method visited="false" cyclomaticComplexity="0" nPathComplexity="0" sequenceCoverage="0.0" branchCoverage="0" crapScore="0" isConstructor="false" isStatic="false" isGetter="false" isSetter="false">
              <Summary numSequencePoints="4" visitedSequencePoints="0" numBranchPoints="0" visitedBranchPoints="0" sequenceCoverage="0.0" branchCoverage="0" maxCyclomaticComplexity="0" minCyclomaticComplexity="0" maxCrapScore="0" minCrapScore="0" visitedClasses="0" numClasses="0" visitedMethods="0" numMethods="1" />
              <MetadataToken>100663315</MetadataToken>
              <Name>System.Void DanielLochner.Assets.SimpleSideMenu.SimpleSideMenu::SetState(DanielLochner.Assets.SimpleSideMenu.SimpleSideMenu/State)</Name>
              <FileRef uid="1" />
              <SequencePoints>
                <SequencePoint vc="0" uspid="258" ordinal="0" offset="0" sl="377" sc="0" el="377" ec="0" bec="0" bev="0" fileid="1" />
                <SequencePoint vc="0" uspid="259" ordinal="0" offset="1" sl="378" sc="0" el="378" ec="0" bec="0" bev="0" fileid="1" />
                <SequencePoint vc="0" uspid="260" ordinal="0" offset="9" sl="380" sc="0" el="380" ec="0" bec="0" bev="0" fileid="1" />
                <SequencePoint vc="0" uspid="261" ordinal="0" offset="21" sl="381" sc="0" el="381" ec="0" bec="0" bev="0" fileid="1" />
              </SequencePoints>
              <BranchPoints />
            </Method>
            <Method visited="false" cyclomaticComplexity="0" nPathComplexity="0" sequenceCoverage="0.0" branchCoverage="0" crapScore="0" isConstructor="false" isStatic="false" isGetter="false" isSetter="false">
              <Summary numSequencePoints="3" visitedSequencePoints="0" numBranchPoints="0" visitedBranchPoints="0" sequenceCoverage="0.0" branchCoverage="0" maxCyclomaticComplexity="0" minCyclomaticComplexity="0" maxCrapScore="0" minCrapScore="0" visitedClasses="0" numClasses="0" visitedMethods="0" numMethods="1" />
              <MetadataToken>100663316</MetadataToken>
              <Name>System.Void DanielLochner.Assets.SimpleSideMenu.SimpleSideMenu::ToggleState()</Name>
              <FileRef uid="1" />
              <SequencePoints>
                <SequencePoint vc="0" uspid="262" ordinal="0" offset="0" sl="383" sc="0" el="383" ec="0" bec="0" bev="0" fileid="1" />
                <SequencePoint vc="0" uspid="263" ordinal="0" offset="1" sl="384" sc="0" el="384" ec="0" bec="0" bev="0" fileid="1" />
                <SequencePoint vc="0" uspid="264" ordinal="0" offset="18" sl="385" sc="0" el="385" ec="0" bec="0" bev="0" fileid="1" />
              </SequencePoints>
              <BranchPoints />
            </Method>
            <Method visited="false" cyclomaticComplexity="0" nPathComplexity="0" sequenceCoverage="0.0" branchCoverage="0" crapScore="0" isConstructor="false" isStatic="false" isGetter="false" isSetter="false">
              <Summary numSequencePoints="3" visitedSequencePoints="0" numBranchPoints="0" visitedBranchPoints="0" sequenceCoverage="0.0" branchCoverage="0" maxCyclomaticComplexity="0" minCyclomaticComplexity="0" maxCrapScore="0" minCrapScore="0" visitedClasses="0" numClasses="0" visitedMethods="0" numMethods="1" />
              <MetadataToken>100663317</MetadataToken>
              <Name>System.Void DanielLochner.Assets.SimpleSideMenu.SimpleSideMenu::Open()</Name>
              <FileRef uid="1" />
              <SequencePoints>
                <SequencePoint vc="0" uspid="265" ordinal="0" offset="0" sl="387" sc="0" el="387" ec="0" bec="0" bev="0" fileid="1" />
                <SequencePoint vc="0" uspid="266" ordinal="0" offset="1" sl="388" sc="0" el="388" ec="0" bec="0" bev="0" fileid="1" />
                <SequencePoint vc="0" uspid="267" ordinal="0" offset="9" sl="389" sc="0" el="389" ec="0" bec="0" bev="0" fileid="1" />
              </SequencePoints>
              <BranchPoints />
            </Method>
            <Method visited="false" cyclomaticComplexity="0" nPathComplexity="0" sequenceCoverage="0.0" branchCoverage="0" crapScore="0" isConstructor="false" isStatic="false" isGetter="false" isSetter="false">
              <Summary numSequencePoints="3" visitedSequencePoints="0" numBranchPoints="0" visitedBranchPoints="0" sequenceCoverage="0.0" branchCoverage="0" maxCyclomaticComplexity="0" minCyclomaticComplexity="0" maxCrapScore="0" minCrapScore="0" visitedClasses="0" numClasses="0" visitedMethods="0" numMethods="1" />
              <MetadataToken>100663318</MetadataToken>
              <Name>System.Void DanielLochner.Assets.SimpleSideMenu.SimpleSideMenu::Close()</Name>
              <FileRef uid="1" />
              <SequencePoints>
                <SequencePoint vc="0" uspid="268" ordinal="0" offset="0" sl="391" sc="0" el="391" ec="0" bec="0" bev="0" fileid="1" />
                <SequencePoint vc="0" uspid="269" ordinal="0" offset="1" sl="392" sc="0" el="392" ec="0" bec="0" bev="0" fileid="1" />
                <SequencePoint vc="0" uspid="270" ordinal="0" offset="9" sl="393" sc="0" el="393" ec="0" bec="0" bev="0" fileid="1" />
              </SequencePoints>
              <BranchPoints />
            </Method>
            <Method visited="false" cyclomaticComplexity="0" nPathComplexity="0" sequenceCoverage="0.0" branchCoverage="0" crapScore="0" isConstructor="false" isStatic="false" isGetter="false" isSetter="false">
              <Summary numSequencePoints="3" visitedSequencePoints="0" numBranchPoints="0" visitedBranchPoints="0" sequenceCoverage="0.0" branchCoverage="0" maxCyclomaticComplexity="0" minCyclomaticComplexity="0" maxCrapScore="0" minCrapScore="0" visitedClasses="0" numClasses="0" visitedMethods="0" numMethods="1" />
              <MetadataToken>100663320</MetadataToken>
              <Name>System.Void DanielLochner.Assets.SimpleSideMenu.SimpleSideMenu::&lt;Setup&gt;b__58_0()</Name>
              <FileRef uid="1" />
              <SequencePoints>
                <SequencePoint vc="0" uspid="271" ordinal="0" offset="0" sl="231" sc="0" el="231" ec="0" bec="0" bev="0" fileid="1" />
                <SequencePoint vc="0" uspid="272" ordinal="0" offset="1" sl="231" sc="0" el="231" ec="0" bec="0" bev="0" fileid="1" />
                <SequencePoint vc="0" uspid="273" ordinal="0" offset="8" sl="231" sc="0" el="231" ec="0" bec="0" bev="0" fileid="1" />
              </SequencePoints>
              <BranchPoints />
            </Method>
            <Method visited="false" cyclomaticComplexity="0" nPathComplexity="0" sequenceCoverage="0.0" branchCoverage="0" crapScore="0" isConstructor="false" isStatic="false" isGetter="false" isSetter="false">
              <Summary numSequencePoints="3" visitedSequencePoints="0" numBranchPoints="0" visitedBranchPoints="0" sequenceCoverage="0.0" branchCoverage="0" maxCyclomaticComplexity="0" minCyclomaticComplexity="0" maxCrapScore="0" minCrapScore="0" visitedClasses="0" numClasses="0" visitedMethods="0" numMethods="1" />
              <MetadataToken>100663321</MetadataToken>
              <Name>System.Void DanielLochner.Assets.SimpleSideMenu.SimpleSideMenu::&lt;Setup&gt;b__58_1()</Name>
              <FileRef uid="1" />
              <SequencePoints>
                <SequencePoint vc="0" uspid="274" ordinal="0" offset="0" sl="274" sc="0" el="274" ec="0" bec="0" bev="0" fileid="1" />
                <SequencePoint vc="0" uspid="275" ordinal="0" offset="1" sl="274" sc="0" el="274" ec="0" bec="0" bev="0" fileid="1" />
                <SequencePoint vc="0" uspid="276" ordinal="0" offset="8" sl="274" sc="0" el="274" ec="0" bec="0" bev="0" fileid="1" />
              </SequencePoints>
              <BranchPoints />
            </Method>
            <Method visited="false" cyclomaticComplexity="0" nPathComplexity="0" sequenceCoverage="0.0" branchCoverage="0" crapScore="0" isConstructor="true" isStatic="false" isGetter="false" isSetter="false">
              <Summary numSequencePoints="14" visitedSequencePoints="0" numBranchPoints="0" visitedBranchPoints="0" sequenceCoverage="0.0" branchCoverage="0" maxCyclomaticComplexity="0" minCyclomaticComplexity="0" maxCrapScore="0" minCrapScore="0" visitedClasses="0" numClasses="0" visitedMethods="0" numMethods="1" />
              <MetadataToken>100663319</MetadataToken>
              <Name>DanielLochner.Assets.SimpleSideMenu.SimpleSideMenu::SimpleSideMenu()</Name>
              <FileRef uid="1" />
              <SequencePoints>
                <SequencePoint vc="0" uspid="277" ordinal="0" offset="0" sl="17" sc="0" el="17" ec="0" bec="0" bev="0" fileid="1" />
                <SequencePoint vc="0" uspid="278" ordinal="0" offset="7" sl="18" sc="0" el="18" ec="0" bec="0" bev="0" fileid="1" />
                <SequencePoint vc="0" uspid="279" ordinal="0" offset="14" sl="19" sc="0" el="19" ec="0" bec="0" bev="0" fileid="1" />
                <SequencePoint vc="0" uspid="280" ordinal="0" offset="25" sl="20" sc="0" el="20" ec="0" bec="0" bev="0" fileid="1" />
                <SequencePoint vc="0" uspid="281" ordinal="0" offset="36" sl="21" sc="0" el="21" ec="0" bec="0" bev="0" fileid="1" />
                <SequencePoint vc="0" uspid="282" ordinal="0" offset="47" sl="22" sc="0" el="22" ec="0" bec="0" bev="0" fileid="1" />
                <SequencePoint vc="0" uspid="283" ordinal="0" offset="54" sl="23" sc="0" el="23" ec="0" bec="0" bev="0" fileid="1" />
                <SequencePoint vc="0" uspid="284" ordinal="0" offset="61" sl="24" sc="0" el="24" ec="0" bec="0" bev="0" fileid="1" />
                <SequencePoint vc="0" uspid="285" ordinal="0" offset="68" sl="25" sc="0" el="25" ec="0" bec="0" bev="0" fileid="1" />
                <SequencePoint vc="0" uspid="286" ordinal="0" offset="75" sl="26" sc="0" el="26" ec="0" bec="0" bev="0" fileid="1" />
                <SequencePoint vc="0" uspid="287" ordinal="0" offset="82" sl="27" sc="0" el="27" ec="0" bec="0" bev="0" fileid="1" />
                <SequencePoint vc="0" uspid="288" ordinal="0" offset="113" sl="28" sc="0" el="28" ec="0" bec="0" bev="0" fileid="1" />
                <SequencePoint vc="0" uspid="289" ordinal="0" offset="120" sl="29" sc="0" el="29" ec="0" bec="0" bev="0" fileid="1" />
                <SequencePoint vc="0" uspid="290" ordinal="0" offset="128" sl="30" sc="0" el="30" ec="0" bec="0" bev="0" fileid="1" />
              </SequencePoints>
              <BranchPoints />
            </Method>
          </Methods>
        </Class>
      </Classes>
    </Module>
    <Module>
      <Summary numSequencePoints="316" visitedSequencePoints="0" numBranchPoints="0" visitedBranchPoints="0" sequenceCoverage="0.0" branchCoverage="0.0" maxCyclomaticComplexity="0" minCyclomaticComplexity="0" maxCrapScore="0" minCrapScore="0" visitedClasses="0" numClasses="1" visitedMethods="0" numMethods="13" />
      <ModuleTime>0001-01-01T00:00:00</ModuleTime>
      <ModuleName>Assembly-CSharp-Editor</ModuleName>
      <Files>
        <File uid="2" fullPath="C:/Unity/Projets/PFE/ar-interactive-water-visualisation/Assets/Simple Side-Menu/Scripts/Editor/SimpleSideMenuEditor.cs" />
      </Files>
      <Classes>
        <Class>
          <Summary numSequencePoints="316" visitedSequencePoints="0" numBranchPoints="0" visitedBranchPoints="0" sequenceCoverage="0.0" branchCoverage="0.0" maxCyclomaticComplexity="0" minCyclomaticComplexity="0" maxCrapScore="0" minCrapScore="0" visitedClasses="0" numClasses="1" visitedMethods="0" numMethods="13" />
          <FullName>DanielLochner.Assets.SimpleSideMenu.SimpleSideMenuEditor</FullName>
          <Methods>
            <Method visited="false" cyclomaticComplexity="0" nPathComplexity="0" sequenceCoverage="0.0" branchCoverage="0" crapScore="0" isConstructor="false" isStatic="false" isGetter="false" isSetter="false">
              <Summary numSequencePoints="22" visitedSequencePoints="0" numBranchPoints="0" visitedBranchPoints="0" sequenceCoverage="0.0" branchCoverage="0" maxCyclomaticComplexity="0" minCyclomaticComplexity="0" maxCrapScore="0" minCrapScore="0" visitedClasses="0" numClasses="0" visitedMethods="0" numMethods="1" />
              <MetadataToken>100663297</MetadataToken>
              <Name>System.Void DanielLochner.Assets.SimpleSideMenu.SimpleSideMenuEditor::OnEnable()</Name>
              <FileRef uid="2" />
              <SequencePoints>
                <SequencePoint vc="0" uspid="291" ordinal="0" offset="0" sl="24" sc="0" el="24" ec="0" bec="0" bev="0" fileid="2" />
                <SequencePoint vc="0" uspid="292" ordinal="0" offset="1" sl="25" sc="0" el="25" ec="0" bec="0" bev="0" fileid="2" />
                <SequencePoint vc="0" uspid="293" ordinal="0" offset="18" sl="28" sc="0" el="28" ec="0" bec="0" bev="0" fileid="2" />
                <SequencePoint vc="0" uspid="294" ordinal="0" offset="40" sl="29" sc="0" el="29" ec="0" bec="0" bev="0" fileid="2" />
                <SequencePoint vc="0" uspid="295" ordinal="0" offset="62" sl="30" sc="0" el="30" ec="0" bec="0" bev="0" fileid="2" />
                <SequencePoint vc="0" uspid="296" ordinal="0" offset="84" sl="31" sc="0" el="31" ec="0" bec="0" bev="0" fileid="2" />
                <SequencePoint vc="0" uspid="297" ordinal="0" offset="106" sl="32" sc="0" el="32" ec="0" bec="0" bev="0" fileid="2" />
                <SequencePoint vc="0" uspid="298" ordinal="0" offset="128" sl="33" sc="0" el="33" ec="0" bec="0" bev="0" fileid="2" />
                <SequencePoint vc="0" uspid="299" ordinal="0" offset="150" sl="34" sc="0" el="34" ec="0" bec="0" bev="0" fileid="2" />
                <SequencePoint vc="0" uspid="300" ordinal="0" offset="172" sl="35" sc="0" el="35" ec="0" bec="0" bev="0" fileid="2" />
                <SequencePoint vc="0" uspid="301" ordinal="0" offset="194" sl="36" sc="0" el="36" ec="0" bec="0" bev="0" fileid="2" />
                <SequencePoint vc="0" uspid="302" ordinal="0" offset="216" sl="37" sc="0" el="37" ec="0" bec="0" bev="0" fileid="2" />
                <SequencePoint vc="0" uspid="303" ordinal="0" offset="238" sl="38" sc="0" el="38" ec="0" bec="0" bev="0" fileid="2" />
                <SequencePoint vc="0" uspid="304" ordinal="0" offset="260" sl="39" sc="0" el="39" ec="0" bec="0" bev="0" fileid="2" />
                <SequencePoint vc="0" uspid="305" ordinal="0" offset="282" sl="40" sc="0" el="40" ec="0" bec="0" bev="0" fileid="2" />
                <SequencePoint vc="0" uspid="306" ordinal="0" offset="304" sl="41" sc="0" el="41" ec="0" bec="0" bev="0" fileid="2" />
                <SequencePoint vc="0" uspid="307" ordinal="0" offset="326" sl="42" sc="0" el="42" ec="0" bec="0" bev="0" fileid="2" />
                <SequencePoint vc="0" uspid="308" ordinal="0" offset="348" sl="43" sc="0" el="43" ec="0" bec="0" bev="0" fileid="2" />
                <SequencePoint vc="0" uspid="309" ordinal="0" offset="370" sl="44" sc="0" el="44" ec="0" bec="0" bev="0" fileid="2" />
                <SequencePoint vc="0" uspid="310" ordinal="0" offset="392" sl="45" sc="0" el="45" ec="0" bec="0" bev="0" fileid="2" />
                <SequencePoint vc="0" uspid="311" ordinal="0" offset="414" sl="46" sc="0" el="46" ec="0" bec="0" bev="0" fileid="2" />
                <SequencePoint vc="0" uspid="312" ordinal="0" offset="436" sl="47" sc="0" el="47" ec="0" bec="0" bev="0" fileid="2" />
              </SequencePoints>
              <BranchPoints />
            </Method>
            <Method visited="false" cyclomaticComplexity="0" nPathComplexity="0" sequenceCoverage="0.0" branchCoverage="0" crapScore="0" isConstructor="false" isStatic="false" isGetter="false" isSetter="false">
              <Summary numSequencePoints="11" visitedSequencePoints="0" numBranchPoints="0" visitedBranchPoints="0" sequenceCoverage="0.0" branchCoverage="0" maxCyclomaticComplexity="0" minCyclomaticComplexity="0" maxCrapScore="0" minCrapScore="0" visitedClasses="0" numClasses="0" visitedMethods="0" numMethods="1" />
              <MetadataToken>100663298</MetadataToken>
              <Name>System.Void DanielLochner.Assets.SimpleSideMenu.SimpleSideMenuEditor::OnInspectorGUI()</Name>
              <FileRef uid="2" />
              <SequencePoints>
                <SequencePoint vc="0" uspid="313" ordinal="0" offset="0" sl="49" sc="0" el="49" ec="0" bec="0" bev="0" fileid="2" />
                <SequencePoint vc="0" uspid="314" ordinal="0" offset="1" sl="50" sc="0" el="50" ec="0" bec="0" bev="0" fileid="2" />
                <SequencePoint vc="0" uspid="315" ordinal="0" offset="13" sl="52" sc="0" el="52" ec="0" bec="0" bev="0" fileid="2" />
                <SequencePoint vc="0" uspid="316" ordinal="0" offset="20" sl="53" sc="0" el="53" ec="0" bec="0" bev="0" fileid="2" />
                <SequencePoint vc="0" uspid="317" ordinal="0" offset="27" sl="55" sc="0" el="55" ec="0" bec="0" bev="0" fileid="2" />
                <SequencePoint vc="0" uspid="318" ordinal="0" offset="34" sl="56" sc="0" el="56" ec="0" bec="0" bev="0" fileid="2" />
                <SequencePoint vc="0" uspid="319" ordinal="0" offset="41" sl="57" sc="0" el="57" ec="0" bec="0" bev="0" fileid="2" />
                <SequencePoint vc="0" uspid="320" ordinal="0" offset="48" sl="58" sc="0" el="58" ec="0" bec="0" bev="0" fileid="2" />
                <SequencePoint vc="0" uspid="321" ordinal="0" offset="55" sl="60" sc="0" el="60" ec="0" bec="0" bev="0" fileid="2" />
                <SequencePoint vc="0" uspid="322" ordinal="0" offset="67" sl="61" sc="0" el="61" ec="0" bec="0" bev="0" fileid="2" />
                <SequencePoint vc="0" uspid="323" ordinal="0" offset="79" sl="62" sc="0" el="62" ec="0" bec="0" bev="0" fileid="2" />
              </SequencePoints>
              <BranchPoints />
            </Method>
            <Method visited="false" cyclomaticComplexity="0" nPathComplexity="0" sequenceCoverage="0.0" branchCoverage="0" crapScore="0" isConstructor="false" isStatic="false" isGetter="false" isSetter="false">
              <Summary numSequencePoints="7" visitedSequencePoints="0" numBranchPoints="0" visitedBranchPoints="0" sequenceCoverage="0.0" branchCoverage="0" maxCyclomaticComplexity="0" minCyclomaticComplexity="0" maxCrapScore="0" minCrapScore="0" visitedClasses="0" numClasses="0" visitedMethods="0" numMethods="1" />
              <MetadataToken>100663299</MetadataToken>
              <Name>System.Void DanielLochner.Assets.SimpleSideMenu.SimpleSideMenuEditor::HeaderInformation()</Name>
              <FileRef uid="2" />
              <SequencePoints>
                <SequencePoint vc="0" uspid="324" ordinal="0" offset="0" sl="65" sc="0" el="65" ec="0" bec="0" bev="0" fileid="2" />
                <SequencePoint vc="0" uspid="325" ordinal="0" offset="1" sl="66" sc="0" el="66" ec="0" bec="0" bev="0" fileid="2" />
                <SequencePoint vc="0" uspid="326" ordinal="0" offset="22" sl="67" sc="0" el="67" ec="0" bec="0" bev="0" fileid="2" />
                <SequencePoint vc="0" uspid="327" ordinal="0" offset="60" sl="68" sc="0" el="68" ec="0" bec="0" bev="0" fileid="2" />
                <SequencePoint vc="0" uspid="328" ordinal="0" offset="98" sl="69" sc="0" el="69" ec="0" bec="0" bev="0" fileid="2" />
                <SequencePoint vc="0" uspid="329" ordinal="0" offset="136" sl="70" sc="0" el="70" ec="0" bec="0" bev="0" fileid="2" />
                <SequencePoint vc="0" uspid="330" ordinal="0" offset="142" sl="71" sc="0" el="71" ec="0" bec="0" bev="0" fileid="2" />
              </SequencePoints>
              <BranchPoints />
            </Method>
            <Method visited="false" cyclomaticComplexity="0" nPathComplexity="0" sequenceCoverage="0.0" branchCoverage="0" crapScore="0" isConstructor="false" isStatic="false" isGetter="false" isSetter="false">
              <Summary numSequencePoints="36" visitedSequencePoints="0" numBranchPoints="0" visitedBranchPoints="0" sequenceCoverage="0.0" branchCoverage="0" maxCyclomaticComplexity="0" minCyclomaticComplexity="0" maxCrapScore="0" minCrapScore="0" visitedClasses="0" numClasses="0" visitedMethods="0" numMethods="1" />
              <MetadataToken>100663300</MetadataToken>
              <Name>System.Void DanielLochner.Assets.SimpleSideMenu.SimpleSideMenuEditor::CurrentStateSettings()</Name>
              <FileRef uid="2" />
              <SequencePoints>
                <SequencePoint vc="0" uspid="331" ordinal="0" offset="0" sl="73" sc="0" el="73" ec="0" bec="0" bev="0" fileid="2" />
                <SequencePoint vc="0" uspid="332" ordinal="0" offset="1" sl="74" sc="0" el="74" ec="0" bec="0" bev="0" fileid="2" />
                <SequencePoint vc="0" uspid="333" ordinal="0" offset="38" sl="76" sc="0" el="76" ec="0" bec="0" bev="0" fileid="2" />
                <SequencePoint vc="0" uspid="334" ordinal="0" offset="49" sl="77" sc="0" el="77" ec="0" bec="0" bev="0" fileid="2" />
                <SequencePoint vc="0" uspid="335" ordinal="0" offset="65" sl="78" sc="0" el="78" ec="0" bec="0" bev="0" fileid="2" />
                <SequencePoint vc="0" uspid="336" ordinal="0" offset="66" sl="79" sc="0" el="79" ec="0" bec="0" bev="0" fileid="2" />
                <SequencePoint vc="0" uspid="337" ordinal="0" offset="85" sl="80" sc="0" el="80" ec="0" bec="0" bev="0" fileid="2" />
                <SequencePoint vc="0" uspid="338" ordinal="0" offset="86" sl="81" sc="0" el="81" ec="0" bec="0" bev="0" fileid="2" />
                <SequencePoint vc="0" uspid="339" ordinal="0" offset="98" sl="82" sc="0" el="82" ec="0" bec="0" bev="0" fileid="2" />
                <SequencePoint vc="0" uspid="340" ordinal="0" offset="110" sl="82" sc="0" el="82" ec="0" bec="0" bev="0" fileid="2" />
                <SequencePoint vc="0" uspid="341" ordinal="0" offset="122" sl="83" sc="0" el="83" ec="0" bec="0" bev="0" fileid="2" />
                <SequencePoint vc="0" uspid="342" ordinal="0" offset="123" sl="84" sc="0" el="84" ec="0" bec="0" bev="0" fileid="2" />
                <SequencePoint vc="0" uspid="343" ordinal="0" offset="141" sl="87" sc="0" el="87" ec="0" bec="0" bev="0" fileid="2" />
                <SequencePoint vc="0" uspid="344" ordinal="0" offset="160" sl="88" sc="0" el="88" ec="0" bec="0" bev="0" fileid="2" />
                <SequencePoint vc="0" uspid="345" ordinal="0" offset="161" sl="89" sc="0" el="89" ec="0" bec="0" bev="0" fileid="2" />
                <SequencePoint vc="0" uspid="346" ordinal="0" offset="173" sl="90" sc="0" el="90" ec="0" bec="0" bev="0" fileid="2" />
                <SequencePoint vc="0" uspid="347" ordinal="0" offset="187" sl="91" sc="0" el="91" ec="0" bec="0" bev="0" fileid="2" />
                <SequencePoint vc="0" uspid="348" ordinal="0" offset="188" sl="92" sc="0" el="92" ec="0" bec="0" bev="0" fileid="2" />
                <SequencePoint vc="0" uspid="349" ordinal="0" offset="218" sl="95" sc="0" el="95" ec="0" bec="0" bev="0" fileid="2" />
                <SequencePoint vc="0" uspid="350" ordinal="0" offset="230" sl="96" sc="0" el="96" ec="0" bec="0" bev="0" fileid="2" />
                <SequencePoint vc="0" uspid="351" ordinal="0" offset="232" sl="98" sc="0" el="98" ec="0" bec="0" bev="0" fileid="2" />
                <SequencePoint vc="0" uspid="352" ordinal="0" offset="244" sl="99" sc="0" el="99" ec="0" bec="0" bev="0" fileid="2" />
                <SequencePoint vc="0" uspid="353" ordinal="0" offset="246" sl="101" sc="0" el="101" ec="0" bec="0" bev="0" fileid="2" />
                <SequencePoint vc="0" uspid="354" ordinal="0" offset="247" sl="102" sc="0" el="102" ec="0" bec="0" bev="0" fileid="2" />
                <SequencePoint vc="0" uspid="355" ordinal="0" offset="248" sl="105" sc="0" el="105" ec="0" bec="0" bev="0" fileid="2" />
                <SequencePoint vc="0" uspid="356" ordinal="0" offset="264" sl="106" sc="0" el="106" ec="0" bec="0" bev="0" fileid="2" />
                <SequencePoint vc="0" uspid="357" ordinal="0" offset="265" sl="107" sc="0" el="107" ec="0" bec="0" bev="0" fileid="2" />
                <SequencePoint vc="0" uspid="358" ordinal="0" offset="286" sl="108" sc="0" el="108" ec="0" bec="0" bev="0" fileid="2" />
                <SequencePoint vc="0" uspid="359" ordinal="0" offset="287" sl="109" sc="0" el="109" ec="0" bec="0" bev="0" fileid="2" />
                <SequencePoint vc="0" uspid="360" ordinal="0" offset="299" sl="110" sc="0" el="110" ec="0" bec="0" bev="0" fileid="2" />
                <SequencePoint vc="0" uspid="361" ordinal="0" offset="313" sl="110" sc="0" el="110" ec="0" bec="0" bev="0" fileid="2" />
                <SequencePoint vc="0" uspid="362" ordinal="0" offset="325" sl="111" sc="0" el="111" ec="0" bec="0" bev="0" fileid="2" />
                <SequencePoint vc="0" uspid="363" ordinal="0" offset="326" sl="112" sc="0" el="112" ec="0" bec="0" bev="0" fileid="2" />
                <SequencePoint vc="0" uspid="364" ordinal="0" offset="344" sl="113" sc="0" el="113" ec="0" bec="0" bev="0" fileid="2" />
                <SequencePoint vc="0" uspid="365" ordinal="0" offset="350" sl="114" sc="0" el="114" ec="0" bec="0" bev="0" fileid="2" />
                <SequencePoint vc="0" uspid="366" ordinal="0" offset="356" sl="116" sc="0" el="116" ec="0" bec="0" bev="0" fileid="2" />
              </SequencePoints>
              <BranchPoints />
            </Method>
            <Method visited="false" cyclomaticComplexity="0" nPathComplexity="0" sequenceCoverage="0.0" branchCoverage="0" crapScore="0" isConstructor="false" isStatic="false" isGetter="false" isSetter="false">
              <Summary numSequencePoints="12" visitedSequencePoints="0" numBranchPoints="0" visitedBranchPoints="0" sequenceCoverage="0.0" branchCoverage="0" maxCyclomaticComplexity="0" minCyclomaticComplexity="0" maxCrapScore="0" minCrapScore="0" visitedClasses="0" numClasses="0" visitedMethods="0" numMethods="1" />
              <MetadataToken>100663301</MetadataToken>
              <Name>System.Void DanielLochner.Assets.SimpleSideMenu.SimpleSideMenuEditor::BasicSettings()</Name>
              <FileRef uid="2" />
              <SequencePoints>
                <SequencePoint vc="0" uspid="367" ordinal="0" offset="0" sl="119" sc="0" el="119" ec="0" bec="0" bev="0" fileid="2" />
                <SequencePoint vc="0" uspid="368" ordinal="0" offset="1" sl="120" sc="0" el="120" ec="0" bec="0" bev="0" fileid="2" />
                <SequencePoint vc="0" uspid="369" ordinal="0" offset="13" sl="121" sc="0" el="121" ec="0" bec="0" bev="0" fileid="2" />
                <SequencePoint vc="0" uspid="370" ordinal="0" offset="36" sl="122" sc="0" el="122" ec="0" bec="0" bev="0" fileid="2" />
                <SequencePoint vc="0" uspid="371" ordinal="0" offset="48" sl="124" sc="0" el="124" ec="0" bec="0" bev="0" fileid="2" />
                <SequencePoint vc="0" uspid="372" ordinal="0" offset="58" sl="125" sc="0" el="125" ec="0" bec="0" bev="0" fileid="2" />
                <SequencePoint vc="0" uspid="373" ordinal="0" offset="59" sl="126" sc="0" el="126" ec="0" bec="0" bev="0" fileid="2" />
                <SequencePoint vc="0" uspid="374" ordinal="0" offset="91" sl="127" sc="0" el="127" ec="0" bec="0" bev="0" fileid="2" />
                <SequencePoint vc="0" uspid="375" ordinal="0" offset="123" sl="128" sc="0" el="128" ec="0" bec="0" bev="0" fileid="2" />
                <SequencePoint vc="0" uspid="376" ordinal="0" offset="155" sl="129" sc="0" el="129" ec="0" bec="0" bev="0" fileid="2" />
[...]
                <SequencePoint vc="0" uspid="2014" ordinal="0" offset="57" sl="179" sc="0" el="179" ec="0" bec="0" bev="0" fileid="29" />
                <SequencePoint vc="0" uspid="2015" ordinal="0" offset="63" sl="180" sc="0" el="180" ec="0" bec="0" bev="0" fileid="29" />
                <SequencePoint vc="0" uspid="2016" ordinal="0" offset="78" sl="181" sc="0" el="181" ec="0" bec="0" bev="0" fileid="29" />
                <SequencePoint vc="0" uspid="2017" ordinal="0" offset="79" sl="182" sc="0" el="182" ec="0" bec="0" bev="0" fileid="29" />
                <SequencePoint vc="0" uspid="2018" ordinal="0" offset="125" sl="183" sc="0" el="183" ec="0" bec="0" bev="0" fileid="29" />
                <SequencePoint vc="0" uspid="2019" ordinal="0" offset="131" sl="185" sc="0" el="185" ec="0" bec="0" bev="0" fileid="29" />
                <SequencePoint vc="0" uspid="2020" ordinal="0" offset="132" sl="187" sc="0" el="187" ec="0" bec="0" bev="0" fileid="29" />
                <SequencePoint vc="0" uspid="2021" ordinal="0" offset="133" sl="187" sc="0" el="187" ec="0" bec="0" bev="0" fileid="29" />
                <SequencePoint vc="0" uspid="2022" ordinal="0" offset="157" sl="187" sc="0" el="187" ec="0" bec="0" bev="0" fileid="29" />
                <SequencePoint vc="0" uspid="2023" ordinal="0" offset="171" sl="188" sc="0" el="188" ec="0" bec="0" bev="0" fileid="29" />
                <SequencePoint vc="0" uspid="2024" ordinal="0" offset="172" sl="189" sc="0" el="189" ec="0" bec="0" bev="0" fileid="29" />
                <SequencePoint vc="0" uspid="2025" ordinal="0" offset="197" sl="190" sc="0" el="190" ec="0" bec="0" bev="0" fileid="29" />
                <SequencePoint vc="0" uspid="2026" ordinal="0" offset="198" sl="191" sc="0" el="191" ec="0" bec="0" bev="0" fileid="29" />
                <SequencePoint vc="0" uspid="2027" ordinal="0" offset="246" sl="192" sc="0" el="192" ec="0" bec="0" bev="0" fileid="29" />
                <SequencePoint vc="0" uspid="2028" ordinal="0" offset="248" sl="195" sc="0" el="195" ec="0" bec="0" bev="0" fileid="29" />
                <SequencePoint vc="0" uspid="2029" ordinal="0" offset="249" sl="187" sc="0" el="187" ec="0" bec="0" bev="0" fileid="29" />
                <SequencePoint vc="0" uspid="2030" ordinal="0" offset="282" sl="196" sc="0" el="196" ec="0" bec="0" bev="0" fileid="29" />
                <SequencePoint vc="0" uspid="2031" ordinal="0" offset="283" sl="197" sc="0" el="197" ec="0" bec="0" bev="0" fileid="29" />
              </SequencePoints>
              <BranchPoints />
            </Method>
            <Method visited="false" cyclomaticComplexity="0" nPathComplexity="0" sequenceCoverage="0.0" branchCoverage="0" crapScore="0" isConstructor="false" isStatic="false" isGetter="false" isSetter="false">
              <Summary numSequencePoints="14" visitedSequencePoints="0" numBranchPoints="0" visitedBranchPoints="0" sequenceCoverage="0.0" branchCoverage="0" maxCyclomaticComplexity="0" minCyclomaticComplexity="0" maxCrapScore="0" minCrapScore="0" visitedClasses="0" numClasses="0" visitedMethods="0" numMethods="1" />
              <MetadataToken>100663423</MetadataToken>
              <Name>System.Void SettingsFunctions::RefreshAll()</Name>
              <FileRef uid="29" />
              <SequencePoints>
                <SequencePoint vc="0" uspid="2032" ordinal="0" offset="0" sl="203" sc="0" el="203" ec="0" bec="0" bev="0" fileid="29" />
                <SequencePoint vc="0" uspid="2033" ordinal="0" offset="1" sl="204" sc="0" el="204" ec="0" bec="0" bev="0" fileid="29" />
                <SequencePoint vc="0" uspid="2034" ordinal="0" offset="20" sl="205" sc="0" el="205" ec="0" bec="0" bev="0" fileid="29" />
                <SequencePoint vc="0" uspid="2035" ordinal="0" offset="21" sl="206" sc="0" el="206" ec="0" bec="0" bev="0" fileid="29" />
                <SequencePoint vc="0" uspid="2036" ordinal="0" offset="22" sl="206" sc="0" el="206" ec="0" bec="0" bev="0" fileid="29" />
                <SequencePoint vc="0" uspid="2037" ordinal="0" offset="45" sl="206" sc="0" el="206" ec="0" bec="0" bev="0" fileid="29" />
                <SequencePoint vc="0" uspid="2038" ordinal="0" offset="57" sl="207" sc="0" el="207" ec="0" bec="0" bev="0" fileid="29" />
                <SequencePoint vc="0" uspid="2039" ordinal="0" offset="58" sl="208" sc="0" el="208" ec="0" bec="0" bev="0" fileid="29" />
                <SequencePoint vc="0" uspid="2040" ordinal="0" offset="78" sl="209" sc="0" el="209" ec="0" bec="0" bev="0" fileid="29" />
                <SequencePoint vc="0" uspid="2041" ordinal="0" offset="79" sl="206" sc="0" el="206" ec="0" bec="0" bev="0" fileid="29" />
                <SequencePoint vc="0" uspid="2042" ordinal="0" offset="107" sl="210" sc="0" el="210" ec="0" bec="0" bev="0" fileid="29" />
                <SequencePoint vc="0" uspid="2043" ordinal="0" offset="119" sl="211" sc="0" el="211" ec="0" bec="0" bev="0" fileid="29" />
                <SequencePoint vc="0" uspid="2044" ordinal="0" offset="131" sl="212" sc="0" el="212" ec="0" bec="0" bev="0" fileid="29" />
                <SequencePoint vc="0" uspid="2045" ordinal="0" offset="132" sl="213" sc="0" el="213" ec="0" bec="0" bev="0" fileid="29" />
              </SequencePoints>
              <BranchPoints />
            </Method>
            <Method visited="true" cyclomaticComplexity="0" nPathComplexity="0" sequenceCoverage="100.0" branchCoverage="0" crapScore="0" isConstructor="true" isStatic="false" isGetter="false" isSetter="false">
              <Summary numSequencePoints="1" visitedSequencePoints="1" numBranchPoints="0" visitedBranchPoints="0" sequenceCoverage="100.0" branchCoverage="0" maxCyclomaticComplexity="0" minCyclomaticComplexity="0" maxCrapScore="0" minCrapScore="0" visitedClasses="0" numClasses="0" visitedMethods="1" numMethods="1" />
              <MetadataToken>100663424</MetadataToken>
              <Name>SettingsFunctions::SettingsFunctions()</Name>
              <FileRef uid="29" />
              <SequencePoints>
                <SequencePoint vc="1" uspid="2046" ordinal="0" offset="0" sl="19" sc="5" el="19" ec="5" bec="0" bev="0" fileid="29" />
              </SequencePoints>
              <BranchPoints />
            </Method>
          </Methods>
        </Class>
        <Class>
          <Summary numSequencePoints="82" visitedSequencePoints="0" numBranchPoints="0" visitedBranchPoints="0" sequenceCoverage="0.0" branchCoverage="0.0" maxCyclomaticComplexity="0" minCyclomaticComplexity="0" maxCrapScore="0" minCrapScore="0" visitedClasses="0" numClasses="1" visitedMethods="0" numMethods="2" />
          <FullName>UiUpdate</FullName>
          <Methods>
            <Method visited="false" cyclomaticComplexity="0" nPathComplexity="0" sequenceCoverage="0.0" branchCoverage="0" crapScore="0" isConstructor="false" isStatic="false" isGetter="false" isSetter="false">
              <Summary numSequencePoints="20" visitedSequencePoints="0" numBranchPoints="0" visitedBranchPoints="0" sequenceCoverage="0.0" branchCoverage="0" maxCyclomaticComplexity="0" minCyclomaticComplexity="0" maxCrapScore="0" minCrapScore="0" visitedClasses="0" numClasses="0" visitedMethods="0" numMethods="1" />
              <MetadataToken>100663425</MetadataToken>
              <Name>System.Void UiUpdate::Start()</Name>
              <FileRef uid="30" />
              <SequencePoints>
                <SequencePoint vc="0" uspid="2047" ordinal="0" offset="0" sl="49" sc="0" el="49" ec="0" bec="0" bev="0" fileid="30" />
                <SequencePoint vc="0" uspid="2048" ordinal="0" offset="1" sl="50" sc="0" el="50" ec="0" bec="0" bev="0" fileid="30" />
                <SequencePoint vc="0" uspid="2049" ordinal="0" offset="17" sl="51" sc="0" el="51" ec="0" bec="0" bev="0" fileid="30" />
                <SequencePoint vc="0" uspid="2050" ordinal="0" offset="33" sl="52" sc="0" el="52" ec="0" bec="0" bev="0" fileid="30" />
                <SequencePoint vc="0" uspid="2051" ordinal="0" offset="54" sl="53" sc="0" el="53" ec="0" bec="0" bev="0" fileid="30" />
                <SequencePoint vc="0" uspid="2052" ordinal="0" offset="75" sl="54" sc="0" el="54" ec="0" bec="0" bev="0" fileid="30" />
                <SequencePoint vc="0" uspid="2053" ordinal="0" offset="88" sl="55" sc="0" el="55" ec="0" bec="0" bev="0" fileid="30" />
                <SequencePoint vc="0" uspid="2054" ordinal="0" offset="101" sl="57" sc="0" el="57" ec="0" bec="0" bev="0" fileid="30" />
                <SequencePoint vc="0" uspid="2055" ordinal="0" offset="119" sl="58" sc="0" el="58" ec="0" bec="0" bev="0" fileid="30" />
                <SequencePoint vc="0" uspid="2056" ordinal="0" offset="137" sl="59" sc="0" el="59" ec="0" bec="0" bev="0" fileid="30" />
                <SequencePoint vc="0" uspid="2057" ordinal="0" offset="155" sl="60" sc="0" el="60" ec="0" bec="0" bev="0" fileid="30" />
                <SequencePoint vc="0" uspid="2058" ordinal="0" offset="173" sl="61" sc="0" el="61" ec="0" bec="0" bev="0" fileid="30" />
                <SequencePoint vc="0" uspid="2059" ordinal="0" offset="191" sl="62" sc="0" el="62" ec="0" bec="0" bev="0" fileid="30" />
                <SequencePoint vc="0" uspid="2060" ordinal="0" offset="209" sl="63" sc="0" el="63" ec="0" bec="0" bev="0" fileid="30" />
                <SequencePoint vc="0" uspid="2061" ordinal="0" offset="227" sl="64" sc="0" el="64" ec="0" bec="0" bev="0" fileid="30" />
                <SequencePoint vc="0" uspid="2062" ordinal="0" offset="245" sl="65" sc="0" el="65" ec="0" bec="0" bev="0" fileid="30" />
                <SequencePoint vc="0" uspid="2063" ordinal="0" offset="263" sl="66" sc="0" el="66" ec="0" bec="0" bev="0" fileid="30" />
                <SequencePoint vc="0" uspid="2064" ordinal="0" offset="281" sl="67" sc="0" el="67" ec="0" bec="0" bev="0" fileid="30" />
                <SequencePoint vc="0" uspid="2065" ordinal="0" offset="299" sl="68" sc="0" el="68" ec="0" bec="0" bev="0" fileid="30" />
                <SequencePoint vc="0" uspid="2066" ordinal="0" offset="317" sl="69" sc="0" el="69" ec="0" bec="0" bev="0" fileid="30" />
              </SequencePoints>
              <BranchPoints />
            </Method>
            <Method visited="false" cyclomaticComplexity="0" nPathComplexity="0" sequenceCoverage="0.0" branchCoverage="0" crapScore="0" isConstructor="false" isStatic="false" isGetter="false" isSetter="false">
              <Summary numSequencePoints="62" visitedSequencePoints="0" numBranchPoints="0" visitedBranchPoints="0" sequenceCoverage="0.0" branchCoverage="0" maxCyclomaticComplexity="0" minCyclomaticComplexity="0" maxCrapScore="0" minCrapScore="0" visitedClasses="0" numClasses="0" visitedMethods="0" numMethods="1" />
              <MetadataToken>100663426</MetadataToken>
              <Name>System.Void UiUpdate::Update()</Name>
              <FileRef uid="30" />
              <SequencePoints>
                <SequencePoint vc="0" uspid="2067" ordinal="0" offset="0" sl="75" sc="0" el="75" ec="0" bec="0" bev="0" fileid="30" />
                <SequencePoint vc="0" uspid="2068" ordinal="0" offset="1" sl="76" sc="0" el="76" ec="0" bec="0" bev="0" fileid="30" />
                <SequencePoint vc="0" uspid="2069" ordinal="0" offset="16" sl="76" sc="0" el="76" ec="0" bec="0" bev="0" fileid="30" />
                <SequencePoint vc="0" uspid="2070" ordinal="0" offset="17" sl="77" sc="0" el="77" ec="0" bec="0" bev="0" fileid="30" />
                <SequencePoint vc="0" uspid="2071" ordinal="0" offset="30" sl="78" sc="0" el="78" ec="0" bec="0" bev="0" fileid="30" />
                <SequencePoint vc="0" uspid="2072" ordinal="0" offset="43" sl="79" sc="0" el="79" ec="0" bec="0" bev="0" fileid="30" />
                <SequencePoint vc="0" uspid="2073" ordinal="0" offset="55" sl="80" sc="0" el="80" ec="0" bec="0" bev="0" fileid="30" />
                <SequencePoint vc="0" uspid="2074" ordinal="0" offset="58" sl="82" sc="0" el="82" ec="0" bec="0" bev="0" fileid="30" />
                <SequencePoint vc="0" uspid="2075" ordinal="0" offset="59" sl="83" sc="0" el="83" ec="0" bec="0" bev="0" fileid="30" />
                <SequencePoint vc="0" uspid="2076" ordinal="0" offset="72" sl="84" sc="0" el="84" ec="0" bec="0" bev="0" fileid="30" />
                <SequencePoint vc="0" uspid="2077" ordinal="0" offset="85" sl="85" sc="0" el="85" ec="0" bec="0" bev="0" fileid="30" />
                <SequencePoint vc="0" uspid="2078" ordinal="0" offset="86" sl="88" sc="0" el="88" ec="0" bec="0" bev="0" fileid="30" />
                <SequencePoint vc="0" uspid="2079" ordinal="0" offset="108" sl="89" sc="0" el="89" ec="0" bec="0" bev="0" fileid="30" />
                <SequencePoint vc="0" uspid="2080" ordinal="0" offset="109" sl="90" sc="0" el="90" ec="0" bec="0" bev="0" fileid="30" />
                <SequencePoint vc="0" uspid="2081" ordinal="0" offset="176" sl="91" sc="0" el="91" ec="0" bec="0" bev="0" fileid="30" />
                <SequencePoint vc="0" uspid="2082" ordinal="0" offset="221" sl="92" sc="0" el="92" ec="0" bec="0" bev="0" fileid="30" />
                <SequencePoint vc="0" uspid="2083" ordinal="0" offset="288" sl="93" sc="0" el="93" ec="0" bec="0" bev="0" fileid="30" />
                <SequencePoint vc="0" uspid="2084" ordinal="0" offset="331" sl="94" sc="0" el="94" ec="0" bec="0" bev="0" fileid="30" />
                <SequencePoint vc="0" uspid="2085" ordinal="0" offset="332" sl="96" sc="0" el="96" ec="0" bec="0" bev="0" fileid="30" />
                <SequencePoint vc="0" uspid="2086" ordinal="0" offset="356" sl="97" sc="0" el="97" ec="0" bec="0" bev="0" fileid="30" />
                <SequencePoint vc="0" uspid="2087" ordinal="0" offset="357" sl="98" sc="0" el="98" ec="0" bec="0" bev="0" fileid="30" />
                <SequencePoint vc="0" uspid="2088" ordinal="0" offset="432" sl="99" sc="0" el="99" ec="0" bec="0" bev="0" fileid="30" />
                <SequencePoint vc="0" uspid="2089" ordinal="0" offset="477" sl="100" sc="0" el="100" ec="0" bec="0" bev="0" fileid="30" />
                <SequencePoint vc="0" uspid="2090" ordinal="0" offset="552" sl="101" sc="0" el="101" ec="0" bec="0" bev="0" fileid="30" />
                <SequencePoint vc="0" uspid="2091" ordinal="0" offset="595" sl="102" sc="0" el="102" ec="0" bec="0" bev="0" fileid="30" />
                <SequencePoint vc="0" uspid="2092" ordinal="0" offset="596" sl="104" sc="0" el="104" ec="0" bec="0" bev="0" fileid="30" />
                <SequencePoint vc="0" uspid="2093" ordinal="0" offset="640" sl="105" sc="0" el="105" ec="0" bec="0" bev="0" fileid="30" />
                <SequencePoint vc="0" uspid="2094" ordinal="0" offset="641" sl="106" sc="0" el="106" ec="0" bec="0" bev="0" fileid="30" />
                <SequencePoint vc="0" uspid="2095" ordinal="0" offset="714" sl="107" sc="0" el="107" ec="0" bec="0" bev="0" fileid="30" />
                <SequencePoint vc="0" uspid="2096" ordinal="0" offset="759" sl="108" sc="0" el="108" ec="0" bec="0" bev="0" fileid="30" />
                <SequencePoint vc="0" uspid="2097" ordinal="0" offset="832" sl="109" sc="0" el="109" ec="0" bec="0" bev="0" fileid="30" />
                <SequencePoint vc="0" uspid="2098" ordinal="0" offset="875" sl="110" sc="0" el="110" ec="0" bec="0" bev="0" fileid="30" />
                <SequencePoint vc="0" uspid="2099" ordinal="0" offset="878" sl="111" sc="0" el="111" ec="0" bec="0" bev="0" fileid="30" />
                <SequencePoint vc="0" uspid="2100" ordinal="0" offset="899" sl="112" sc="0" el="112" ec="0" bec="0" bev="0" fileid="30" />
                <SequencePoint vc="0" uspid="2101" ordinal="0" offset="942" sl="114" sc="0" el="114" ec="0" bec="0" bev="0" fileid="30" />
                <SequencePoint vc="0" uspid="2102" ordinal="0" offset="986" sl="115" sc="0" el="115" ec="0" bec="0" bev="0" fileid="30" />
                <SequencePoint vc="0" uspid="2103" ordinal="0" offset="987" sl="116" sc="0" el="116" ec="0" bec="0" bev="0" fileid="30" />
                <SequencePoint vc="0" uspid="2104" ordinal="0" offset="1060" sl="117" sc="0" el="117" ec="0" bec="0" bev="0" fileid="30" />
                <SequencePoint vc="0" uspid="2105" ordinal="0" offset="1105" sl="118" sc="0" el="118" ec="0" bec="0" bev="0" fileid="30" />
                <SequencePoint vc="0" uspid="2106" ordinal="0" offset="1178" sl="119" sc="0" el="119" ec="0" bec="0" bev="0" fileid="30" />
                <SequencePoint vc="0" uspid="2107" ordinal="0" offset="1221" sl="120" sc="0" el="120" ec="0" bec="0" bev="0" fileid="30" />
                <SequencePoint vc="0" uspid="2108" ordinal="0" offset="1224" sl="121" sc="0" el="121" ec="0" bec="0" bev="0" fileid="30" />
                <SequencePoint vc="0" uspid="2109" ordinal="0" offset="1245" sl="122" sc="0" el="122" ec="0" bec="0" bev="0" fileid="30" />
                <SequencePoint vc="0" uspid="2110" ordinal="0" offset="1288" sl="124" sc="0" el="124" ec="0" bec="0" bev="0" fileid="30" />
                <SequencePoint vc="0" uspid="2111" ordinal="0" offset="1332" sl="125" sc="0" el="125" ec="0" bec="0" bev="0" fileid="30" />
                <SequencePoint vc="0" uspid="2112" ordinal="0" offset="1333" sl="126" sc="0" el="126" ec="0" bec="0" bev="0" fileid="30" />
                <SequencePoint vc="0" uspid="2113" ordinal="0" offset="1406" sl="127" sc="0" el="127" ec="0" bec="0" bev="0" fileid="30" />
                <SequencePoint vc="0" uspid="2114" ordinal="0" offset="1451" sl="128" sc="0" el="128" ec="0" bec="0" bev="0" fileid="30" />
                <SequencePoint vc="0" uspid="2115" ordinal="0" offset="1524" sl="129" sc="0" el="129" ec="0" bec="0" bev="0" fileid="30" />
                <SequencePoint vc="0" uspid="2116" ordinal="0" offset="1567" sl="130" sc="0" el="130" ec="0" bec="0" bev="0" fileid="30" />
                <SequencePoint vc="0" uspid="2117" ordinal="0" offset="1570" sl="131" sc="0" el="131" ec="0" bec="0" bev="0" fileid="30" />
                <SequencePoint vc="0" uspid="2118" ordinal="0" offset="1591" sl="132" sc="0" el="132" ec="0" bec="0" bev="0" fileid="30" />
                <SequencePoint vc="0" uspid="2119" ordinal="0" offset="1634" sl="134" sc="0" el="134" ec="0" bec="0" bev="0" fileid="30" />
                <SequencePoint vc="0" uspid="2120" ordinal="0" offset="1678" sl="135" sc="0" el="135" ec="0" bec="0" bev="0" fileid="30" />
                <SequencePoint vc="0" uspid="2121" ordinal="0" offset="1679" sl="136" sc="0" el="136" ec="0" bec="0" bev="0" fileid="30" />
                <SequencePoint vc="0" uspid="2122" ordinal="0" offset="1752" sl="137" sc="0" el="137" ec="0" bec="0" bev="0" fileid="30" />
                <SequencePoint vc="0" uspid="2123" ordinal="0" offset="1797" sl="138" sc="0" el="138" ec="0" bec="0" bev="0" fileid="30" />
                <SequencePoint vc="0" uspid="2124" ordinal="0" offset="1870" sl="139" sc="0" el="139" ec="0" bec="0" bev="0" fileid="30" />
                <SequencePoint vc="0" uspid="2125" ordinal="0" offset="1913" sl="140" sc="0" el="140" ec="0" bec="0" bev="0" fileid="30" />
                <SequencePoint vc="0" uspid="2126" ordinal="0" offset="1916" sl="141" sc="0" el="141" ec="0" bec="0" bev="0" fileid="30" />
                <SequencePoint vc="0" uspid="2127" ordinal="0" offset="1937" sl="142" sc="0" el="142" ec="0" bec="0" bev="0" fileid="30" />
                <SequencePoint vc="0" uspid="2128" ordinal="0" offset="1980" sl="143" sc="0" el="143" ec="0" bec="0" bev="0" fileid="30" />
              </SequencePoints>
              <BranchPoints />
            </Method>
          </Methods>
        </Class>
      </Classes>
    </Module>
  </Modules>
</CoverageSession>